{"level":"info","message":"Server running at http://localhost:3000","service":"popmart-service"}
{"level":"info","message":"Server running at http://localhost:3000","service":"popmart-service"}
{"level":"info","message":"Server running at http://localhost:3000","service":"popmart-service"}
{"level":"info","message":"Server running at http://localhost:3000","service":"popmart-service"}
{"level":"info","message":"Server running at http://localhost:3000","service":"popmart-service"}
{"level":"info","message":"Server running at http://localhost:3000","service":"popmart-service"}
{"level":"info","message":"Server running at http://localhost:3000","service":"popmart-service"}
{"level":"info","message":"Server running at http://localhost:3000","service":"popmart-service"}
{"level":"info","message":"Server running at http://localhost:3000","service":"popmart-service"}
{"level":"info","message":"Server running at http://localhost:3000","service":"popmart-service"}
{"level":"info","message":"Server running at http://localhost:3000","service":"popmart-service"}
{"level":"info","message":"Server running at http://localhost:3000","service":"popmart-service"}
{"level":"info","message":"Server running at http://localhost:3000","service":"popmart-service"}
{"level":"info","message":"Server running at http://localhost:3000","service":"popmart-service"}
{"level":"info","message":"Server running at http://localhost:3001","service":"popmart-service"}
{"level":"info","message":"Server running at http://localhost:3001","service":"popmart-service"}
{"level":"info","message":"Server running at http://localhost:3001","service":"popmart-service"}
{"level":"info","message":"Server running at http://localhost:8080","service":"popmart-service"}
{"level":"info","message":"Server running at http://localhost:9999","service":"popmart-service"}
{"error":"wechatApi.getAuthorizeURL is not a function","level":"error","message":"Error occurred:","service":"popmart-service","stack":"TypeError: wechatApi.getAuthorizeURL is not a function\n    at C:\\Users\\admin\\Desktop\\Popmart Purchase\\server.js:99:39\n    at Layer.handle [as handle_request] (C:\\Users\\admin\\Desktop\\Popmart Purchase\\node_modules\\express\\lib\\router\\layer.js:95:5)\n    at next (C:\\Users\\admin\\Desktop\\Popmart Purchase\\node_modules\\express\\lib\\router\\route.js:149:13)\n    at Route.dispatch (C:\\Users\\admin\\Desktop\\Popmart Purchase\\node_modules\\express\\lib\\router\\route.js:119:3)\n    at Layer.handle [as handle_request] (C:\\Users\\admin\\Desktop\\Popmart Purchase\\node_modules\\express\\lib\\router\\layer.js:95:5)\n    at C:\\Users\\admin\\Desktop\\Popmart Purchase\\node_modules\\express\\lib\\router\\index.js:284:15\n    at Function.process_params (C:\\Users\\admin\\Desktop\\Popmart Purchase\\node_modules\\express\\lib\\router\\index.js:346:12)\n    at next (C:\\Users\\admin\\Desktop\\Popmart Purchase\\node_modules\\express\\lib\\router\\index.js:280:10)\n    at C:\\Users\\admin\\Desktop\\Popmart Purchase\\node_modules\\express-rate-limit\\dist\\index.cjs:822:7\n    at async C:\\Users\\admin\\Desktop\\Popmart Purchase\\node_modules\\express-rate-limit\\dist\\index.cjs:704:5"}
{"error":"wechatApi.getAuthorizeURL is not a function","level":"error","message":"Error occurred:","service":"popmart-service","stack":"TypeError: wechatApi.getAuthorizeURL is not a function\n    at C:\\Users\\admin\\Desktop\\Popmart Purchase\\server.js:99:39\n    at Layer.handle [as handle_request] (C:\\Users\\admin\\Desktop\\Popmart Purchase\\node_modules\\express\\lib\\router\\layer.js:95:5)\n    at next (C:\\Users\\admin\\Desktop\\Popmart Purchase\\node_modules\\express\\lib\\router\\route.js:149:13)\n    at Route.dispatch (C:\\Users\\admin\\Desktop\\Popmart Purchase\\node_modules\\express\\lib\\router\\route.js:119:3)\n    at Layer.handle [as handle_request] (C:\\Users\\admin\\Desktop\\Popmart Purchase\\node_modules\\express\\lib\\router\\layer.js:95:5)\n    at C:\\Users\\admin\\Desktop\\Popmart Purchase\\node_modules\\express\\lib\\router\\index.js:284:15\n    at Function.process_params (C:\\Users\\admin\\Desktop\\Popmart Purchase\\node_modules\\express\\lib\\router\\index.js:346:12)\n    at next (C:\\Users\\admin\\Desktop\\Popmart Purchase\\node_modules\\express\\lib\\router\\index.js:280:10)\n    at C:\\Users\\admin\\Desktop\\Popmart Purchase\\node_modules\\express-rate-limit\\dist\\index.cjs:822:7\n    at async C:\\Users\\admin\\Desktop\\Popmart Purchase\\node_modules\\express-rate-limit\\dist\\index.cjs:704:5"}
{"error":"wechatApi.getAuthorizeURL is not a function","level":"error","message":"Error occurred:","service":"popmart-service","stack":"TypeError: wechatApi.getAuthorizeURL is not a function\n    at C:\\Users\\admin\\Desktop\\Popmart Purchase\\server.js:99:39\n    at Layer.handle [as handle_request] (C:\\Users\\admin\\Desktop\\Popmart Purchase\\node_modules\\express\\lib\\router\\layer.js:95:5)\n    at next (C:\\Users\\admin\\Desktop\\Popmart Purchase\\node_modules\\express\\lib\\router\\route.js:149:13)\n    at Route.dispatch (C:\\Users\\admin\\Desktop\\Popmart Purchase\\node_modules\\express\\lib\\router\\route.js:119:3)\n    at Layer.handle [as handle_request] (C:\\Users\\admin\\Desktop\\Popmart Purchase\\node_modules\\express\\lib\\router\\layer.js:95:5)\n    at C:\\Users\\admin\\Desktop\\Popmart Purchase\\node_modules\\express\\lib\\router\\index.js:284:15\n    at Function.process_params (C:\\Users\\admin\\Desktop\\Popmart Purchase\\node_modules\\express\\lib\\router\\index.js:346:12)\n    at next (C:\\Users\\admin\\Desktop\\Popmart Purchase\\node_modules\\express\\lib\\router\\index.js:280:10)\n    at C:\\Users\\admin\\Desktop\\Popmart Purchase\\node_modules\\express-rate-limit\\dist\\index.cjs:822:7\n    at async C:\\Users\\admin\\Desktop\\Popmart Purchase\\node_modules\\express-rate-limit\\dist\\index.cjs:704:5"}
{"error":"wechatApi.getAuthorizeURL is not a function","level":"error","message":"Error occurred:","service":"popmart-service","stack":"TypeError: wechatApi.getAuthorizeURL is not a function\n    at C:\\Users\\admin\\Desktop\\Popmart Purchase\\server.js:99:39\n    at Layer.handle [as handle_request] (C:\\Users\\admin\\Desktop\\Popmart Purchase\\node_modules\\express\\lib\\router\\layer.js:95:5)\n    at next (C:\\Users\\admin\\Desktop\\Popmart Purchase\\node_modules\\express\\lib\\router\\route.js:149:13)\n    at Route.dispatch (C:\\Users\\admin\\Desktop\\Popmart Purchase\\node_modules\\express\\lib\\router\\route.js:119:3)\n    at Layer.handle [as handle_request] (C:\\Users\\admin\\Desktop\\Popmart Purchase\\node_modules\\express\\lib\\router\\layer.js:95:5)\n    at C:\\Users\\admin\\Desktop\\Popmart Purchase\\node_modules\\express\\lib\\router\\index.js:284:15\n    at Function.process_params (C:\\Users\\admin\\Desktop\\Popmart Purchase\\node_modules\\express\\lib\\router\\index.js:346:12)\n    at next (C:\\Users\\admin\\Desktop\\Popmart Purchase\\node_modules\\express\\lib\\router\\index.js:280:10)\n    at C:\\Users\\admin\\Desktop\\Popmart Purchase\\node_modules\\express-rate-limit\\dist\\index.cjs:822:7\n    at async C:\\Users\\admin\\Desktop\\Popmart Purchase\\node_modules\\express-rate-limit\\dist\\index.cjs:704:5"}
{"error":"wechatApi.getAuthorizeURL is not a function","level":"error","message":"Error occurred:","service":"popmart-service","stack":"TypeError: wechatApi.getAuthorizeURL is not a function\n    at C:\\Users\\admin\\Desktop\\Popmart Purchase\\server.js:99:39\n    at Layer.handle [as handle_request] (C:\\Users\\admin\\Desktop\\Popmart Purchase\\node_modules\\express\\lib\\router\\layer.js:95:5)\n    at next (C:\\Users\\admin\\Desktop\\Popmart Purchase\\node_modules\\express\\lib\\router\\route.js:149:13)\n    at Route.dispatch (C:\\Users\\admin\\Desktop\\Popmart Purchase\\node_modules\\express\\lib\\router\\route.js:119:3)\n    at Layer.handle [as handle_request] (C:\\Users\\admin\\Desktop\\Popmart Purchase\\node_modules\\express\\lib\\router\\layer.js:95:5)\n    at C:\\Users\\admin\\Desktop\\Popmart Purchase\\node_modules\\express\\lib\\router\\index.js:284:15\n    at Function.process_params (C:\\Users\\admin\\Desktop\\Popmart Purchase\\node_modules\\express\\lib\\router\\index.js:346:12)\n    at next (C:\\Users\\admin\\Desktop\\Popmart Purchase\\node_modules\\express\\lib\\router\\index.js:280:10)\n    at C:\\Users\\admin\\Desktop\\Popmart Purchase\\node_modules\\express-rate-limit\\dist\\index.cjs:822:7\n    at async C:\\Users\\admin\\Desktop\\Popmart Purchase\\node_modules\\express-rate-limit\\dist\\index.cjs:704:5"}
{"level":"info","message":"Server running at http://localhost:9999","service":"popmart-service"}
{"level":"info","message":"Server running at http://localhost:9999","service":"popmart-service"}
{"level":"info","message":"Server running at http://localhost:9999","service":"popmart-service"}
{"level":"info","message":"Generated QR code for session:","qrcodeUrl":"https://open.weixin.qq.com/connect/oauth2/authorize?appid=demo_app_id&redirect_uri=http%3A%2F%2Flocalhost%3A9999%2Fapi%2Fwx-login%2Fcallback%3Fsession%3D9jhtivib76t&response_type=code&scope=snsapi_userinfo&state=9jhtivib76t#wechat_redirect","service":"popmart-service","sessionId":"9jhtivib76t"}
{"level":"info","message":"Generated QR code for session:","qrcodeUrl":"https://open.weixin.qq.com/connect/oauth2/authorize?appid=demo_app_id&redirect_uri=http%3A%2F%2Flocalhost%3A9999%2Fapi%2Fwx-login%2Fcallback%3Fsession%3D48z04gyd8bn&response_type=code&scope=snsapi_userinfo&state=48z04gyd8bn#wechat_redirect","service":"popmart-service","sessionId":"48z04gyd8bn"}
{"level":"info","message":"Generated QR code for session:","qrcodeUrl":"https://open.weixin.qq.com/connect/oauth2/authorize?appid=demo_app_id&redirect_uri=http%3A%2F%2Flocalhost%3A9999%2Fapi%2Fwx-login%2Fcallback%3Fsession%3Dtcfhivkwabt&response_type=code&scope=snsapi_userinfo&state=tcfhivkwabt#wechat_redirect","service":"popmart-service","sessionId":"tcfhivkwabt"}
{"level":"info","message":"Generated QR code for session:","qrcodeUrl":"https://open.weixin.qq.com/connect/oauth2/authorize?appid=demo_app_id&redirect_uri=http%3A%2F%2Flocalhost%3A9999%2Fapi%2Fwx-login%2Fcallback%3Fsession%3Ds38bjvxc1w&response_type=code&scope=snsapi_userinfo&state=s38bjvxc1w#wechat_redirect","service":"popmart-service","sessionId":"s38bjvxc1w"}
{"level":"info","message":"Generated QR code for session:","qrcodeUrl":"https://open.weixin.qq.com/connect/oauth2/authorize?appid=demo_app_id&redirect_uri=http%3A%2F%2Flocalhost%3A9999%2Fapi%2Fwx-login%2Fcallback%3Fsession%3Dt1yvoxcwxv&response_type=code&scope=snsapi_userinfo&state=t1yvoxcwxv#wechat_redirect","service":"popmart-service","sessionId":"t1yvoxcwxv"}
{"level":"info","message":"Generated QR code for session:","qrcodeUrl":"https://open.weixin.qq.com/connect/oauth2/authorize?appid=demo_app_id&redirect_uri=http%3A%2F%2Flocalhost%3A9999%2Fapi%2Fwx-login%2Fcallback%3Fsession%3Dyrar99o7n8f&response_type=code&scope=snsapi_userinfo&state=yrar99o7n8f#wechat_redirect","service":"popmart-service","sessionId":"yrar99o7n8f"}
{"level":"info","message":"Generated QR code for session:","qrcodeUrl":"https://open.weixin.qq.com/connect/oauth2/authorize?appid=demo_app_id&redirect_uri=http%3A%2F%2Flocalhost%3A9999%2Fapi%2Fwx-login%2Fcallback%3Fsession%3Dewuddv0lll&response_type=code&scope=snsapi_userinfo&state=ewuddv0lll#wechat_redirect","service":"popmart-service","sessionId":"ewuddv0lll"}
{"level":"info","message":"Server running at http://0.0.0.0:9999","service":"popmart-service"}
{"level":"info","message":"Local access: http://localhost:9999","service":"popmart-service"}
{"level":"info","message":"Network access: http://10.36.134.88:9999","service":"popmart-service"}
{"level":"info","message":"Server running at http://0.0.0.0:9999","service":"popmart-service"}
{"level":"info","message":"Local access: http://localhost:9999","service":"popmart-service"}
{"level":"info","message":"Network access: http://10.36.134.88:9999","service":"popmart-service"}
{"level":"info","message":"Generated QR code for session:","qrcodeUrl":"https://open.weixin.qq.com/connect/oauth2/authorize?appid=demo_app_id&redirect_uri=http%3A%2F%2Flocalhost%3A9999%2Fapi%2Fwx-login%2Fcallback%3Fsession%3Dxvekx2uxesi&response_type=code&scope=snsapi_userinfo&state=xvekx2uxesi#wechat_redirect","service":"popmart-service","sessionId":"xvekx2uxesi"}
{"level":"info","message":"Generated QR code for session:","qrcodeUrl":"https://open.weixin.qq.com/connect/oauth2/authorize?appid=demo_app_id&redirect_uri=http%3A%2F%2Flocalhost%3A9999%2Fapi%2Fwx-login%2Fcallback%3Fsession%3Dmlhbdq593o&response_type=code&scope=snsapi_userinfo&state=mlhbdq593o#wechat_redirect","service":"popmart-service","sessionId":"mlhbdq593o"}
{"level":"info","message":"Server running at http://0.0.0.0:9999","service":"popmart-service"}
{"level":"info","message":"Local access: http://localhost:9999","service":"popmart-service"}
{"level":"info","message":"Network access: http://10.36.134.88:9999","service":"popmart-service"}
{"level":"info","message":"Server running at http://0.0.0.0:9999","service":"popmart-service"}
{"level":"info","message":"Local access: http://localhost:9999","service":"popmart-service"}
{"level":"info","message":"Network access: http://10.36.134.88:9999","service":"popmart-service"}
{"level":"info","message":"Server running at http://0.0.0.0:9999","service":"popmart-service"}
{"level":"info","message":"Local access: http://localhost:9999","service":"popmart-service"}
{"level":"info","message":"Network access: http://10.36.134.88:9999","service":"popmart-service"}
{"level":"info","message":"Generated QR code for session:","qrcodeImageUrl":"https://api.qrserver.com/v1/create-qr-code/?size=200x200&data=http%3A%2F%2Flocalhost%3A9999%2Fapi%2Fwx-login%2Fcallback%3Fsession%3Db4hmp1vy07m%26code%3Dmock_code_b4hmp1vy07m","service":"popmart-service","sessionId":"b4hmp1vy07m"}
{"level":"info","message":"Generated QR code for session:","qrcodeImageUrl":"https://api.qrserver.com/v1/create-qr-code/?size=200x200&data=http%3A%2F%2Flocalhost%3A9999%2Fapi%2Fwx-login%2Fcallback%3Fsession%3Dzhnarmh6y8%26code%3Dmock_code_zhnarmh6y8","service":"popmart-service","sessionId":"zhnarmh6y8"}
{"level":"info","message":"Server running at http://0.0.0.0:9999","service":"popmart-service"}
{"level":"info","message":"Local access: http://localhost:9999","service":"popmart-service"}
{"level":"info","message":"Network access: http://10.36.134.88:9999","service":"popmart-service"}
{"level":"info","message":"Generated QR code for session:","qrcodeImageUrl":"https://api.qrserver.com/v1/create-qr-code/?size=200x200&data=http%3A%2F%2Flocalhost%3A9999%2Fapi%2Fwx-login%2Fcallback%3Fsession%3Dijzy5k6xszi%26code%3Dmock_code_ijzy5k6xszi","service":"popmart-service","sessionId":"ijzy5k6xszi"}
{"level":"info","message":"Generated QR code for session:","qrcodeImageUrl":"https://api.qrserver.com/v1/create-qr-code/?size=200x200&data=http%3A%2F%2Flocalhost%3A9999%2Fapi%2Fwx-login%2Fcallback%3Fsession%3Dvmxtzy3l29b%26code%3Dmock_code_vmxtzy3l29b","service":"popmart-service","sessionId":"vmxtzy3l29b"}
{"level":"info","message":"Generated QR code for session:","qrcodeImageUrl":"https://api.qrserver.com/v1/create-qr-code/?size=200x200&data=http%3A%2F%2Flocalhost%3A9999%2Fapi%2Fwx-login%2Fcallback%3Fsession%3Dc6g54u3lh1%26code%3Dmock_code_c6g54u3lh1","service":"popmart-service","sessionId":"c6g54u3lh1"}
{"level":"info","message":"Generated QR code for session:","qrcodeImageUrl":"https://api.qrserver.com/v1/create-qr-code/?size=200x200&data=http%3A%2F%2Flocalhost%3A9999%2Fapi%2Fwx-login%2Fcallback%3Fsession%3Dvi1i4mkuz5p%26code%3Dmock_code_vi1i4mkuz5p","service":"popmart-service","sessionId":"vi1i4mkuz5p"}
{"level":"info","message":"Generated QR code for session:","qrcodeImageUrl":"https://api.qrserver.com/v1/create-qr-code/?size=200x200&data=http%3A%2F%2Flocalhost%3A9999%2Fapi%2Fwx-login%2Fcallback%3Fsession%3Dayoqbksasof%26code%3Dmock_code_ayoqbksasof","service":"popmart-service","sessionId":"ayoqbksasof"}
{"level":"info","message":"Generated QR code for session:","qrcodeImageUrl":"https://api.qrserver.com/v1/create-qr-code/?size=200x200&data=http%3A%2F%2Flocalhost%3A9999%2Fapi%2Fwx-login%2Fcallback%3Fsession%3Dyfpzltsvm7n%26code%3Dmock_code_yfpzltsvm7n","service":"popmart-service","sessionId":"yfpzltsvm7n"}
{"level":"info","message":"Generated QR code for session:","qrcodeImageUrl":"https://api.qrserver.com/v1/create-qr-code/?size=200x200&data=http%3A%2F%2Flocalhost%3A9999%2Fapi%2Fwx-login%2Fcallback%3Fsession%3Dov6qq7wld5r%26code%3Dmock_code_ov6qq7wld5r","service":"popmart-service","sessionId":"ov6qq7wld5r"}
{"level":"info","message":"Generated QR code for session:","qrcodeImageUrl":"https://api.qrserver.com/v1/create-qr-code/?size=200x200&data=http%3A%2F%2Flocalhost%3A9999%2Fapi%2Fwx-login%2Fcallback%3Fsession%3D7mjp031cb88%26code%3Dmock_code_7mjp031cb88","service":"popmart-service","sessionId":"7mjp031cb88"}
{"level":"info","message":"Generated QR code for session:","qrcodeImageUrl":"https://api.qrserver.com/v1/create-qr-code/?size=200x200&data=http%3A%2F%2Flocalhost%3A9999%2Fapi%2Fwx-login%2Fcallback%3Fsession%3D1z8n1gjr5jb%26code%3Dmock_code_1z8n1gjr5jb","service":"popmart-service","sessionId":"1z8n1gjr5jb"}
{"level":"info","message":"Generated QR code for session:","qrcodeImageUrl":"https://api.qrserver.com/v1/create-qr-code/?size=200x200&data=http%3A%2F%2Flocalhost%3A9999%2Fapi%2Fwx-login%2Fcallback%3Fsession%3Doykysgr3fe%26code%3Dmock_code_oykysgr3fe","service":"popmart-service","sessionId":"oykysgr3fe"}
{"level":"info","message":"Generated QR code for session:","qrcodeImageUrl":"https://api.qrserver.com/v1/create-qr-code/?size=200x200&data=http%3A%2F%2Flocalhost%3A9999%2Fapi%2Fwx-login%2Fcallback%3Fsession%3Dmqyhx2dyzmd%26code%3Dmock_code_mqyhx2dyzmd","service":"popmart-service","sessionId":"mqyhx2dyzmd"}
{"level":"info","message":"Generated QR code for session:","qrcodeImageUrl":"https://api.qrserver.com/v1/create-qr-code/?size=200x200&data=http%3A%2F%2Flocalhost%3A9999%2Fapi%2Fwx-login%2Fcallback%3Fsession%3D9i7wp3iyihf%26code%3Dmock_code_9i7wp3iyihf","service":"popmart-service","sessionId":"9i7wp3iyihf"}
{"level":"info","message":"Generated QR code for session:","qrcodeImageUrl":"https://api.qrserver.com/v1/create-qr-code/?size=200x200&data=http%3A%2F%2Flocalhost%3A9999%2Fapi%2Fwx-login%2Fcallback%3Fsession%3Dwz73d71zsth%26code%3Dmock_code_wz73d71zsth","service":"popmart-service","sessionId":"wz73d71zsth"}
{"level":"info","message":"Generated QR code for session:","qrcodeImageUrl":"https://api.qrserver.com/v1/create-qr-code/?size=200x200&data=http%3A%2F%2Flocalhost%3A9999%2Fapi%2Fwx-login%2Fcallback%3Fsession%3Dl5i9rlpjzu%26code%3Dmock_code_l5i9rlpjzu","service":"popmart-service","sessionId":"l5i9rlpjzu"}
{"level":"info","message":"Generated QR code for session:","qrcodeImageUrl":"https://api.qrserver.com/v1/create-qr-code/?size=200x200&data=http%3A%2F%2Flocalhost%3A9999%2Fapi%2Fwx-login%2Fcallback%3Fsession%3D5dwo3zqam75%26code%3Dmock_code_5dwo3zqam75","service":"popmart-service","sessionId":"5dwo3zqam75"}
{"level":"info","message":"Generated QR code for session:","qrcodeImageUrl":"https://api.qrserver.com/v1/create-qr-code/?size=200x200&data=http%3A%2F%2Flocalhost%3A9999%2Fapi%2Fwx-login%2Fcallback%3Fsession%3Ddn6gqfy21dk%26code%3Dmock_code_dn6gqfy21dk","service":"popmart-service","sessionId":"dn6gqfy21dk"}
{"level":"info","message":"Generated QR code for session:","qrcodeImageUrl":"https://api.qrserver.com/v1/create-qr-code/?size=200x200&data=http%3A%2F%2Flocalhost%3A9999%2Fapi%2Fwx-login%2Fcallback%3Fsession%3D7nw2ysh99rq%26code%3Dmock_code_7nw2ysh99rq","service":"popmart-service","sessionId":"7nw2ysh99rq"}
{"level":"info","message":"Generated QR code for session:","qrcodeImageUrl":"https://api.qrserver.com/v1/create-qr-code/?size=200x200&data=http%3A%2F%2Flocalhost%3A9999%2Fapi%2Fwx-login%2Fcallback%3Fsession%3De7qcnhqmgj%26code%3Dmock_code_e7qcnhqmgj","service":"popmart-service","sessionId":"e7qcnhqmgj"}
{"level":"info","message":"Generated QR code for session:","qrcodeImageUrl":"https://api.qrserver.com/v1/create-qr-code/?size=200x200&data=http%3A%2F%2Flocalhost%3A9999%2Fapi%2Fwx-login%2Fcallback%3Fsession%3Dkl6rd6cut3l%26code%3Dmock_code_kl6rd6cut3l","service":"popmart-service","sessionId":"kl6rd6cut3l"}
{"level":"info","message":"Generated QR code for session:","qrcodeImageUrl":"https://api.qrserver.com/v1/create-qr-code/?size=200x200&data=http%3A%2F%2Flocalhost%3A9999%2Fapi%2Fwx-login%2Fcallback%3Fsession%3Dprwxeqkelte%26code%3Dmock_code_prwxeqkelte","service":"popmart-service","sessionId":"prwxeqkelte"}
{"level":"info","message":"Generated QR code for session:","qrcodeImageUrl":"https://api.qrserver.com/v1/create-qr-code/?size=200x200&data=http%3A%2F%2Flocalhost%3A9999%2Fapi%2Fwx-login%2Fcallback%3Fsession%3D4qtd3899ov4%26code%3Dmock_code_4qtd3899ov4","service":"popmart-service","sessionId":"4qtd3899ov4"}
{"level":"info","message":"Generated QR code for session:","qrcodeImageUrl":"https://api.qrserver.com/v1/create-qr-code/?size=200x200&data=http%3A%2F%2Flocalhost%3A9999%2Fapi%2Fwx-login%2Fcallback%3Fsession%3D87rno1cyo6r%26code%3Dmock_code_87rno1cyo6r","service":"popmart-service","sessionId":"87rno1cyo6r"}
{"level":"info","message":"Generated QR code for session:","qrcodeImageUrl":"https://api.qrserver.com/v1/create-qr-code/?size=200x200&data=http%3A%2F%2Flocalhost%3A9999%2Fapi%2Fwx-login%2Fcallback%3Fsession%3D39uyotbfl8l%26code%3Dmock_code_39uyotbfl8l","service":"popmart-service","sessionId":"39uyotbfl8l"}
{"level":"info","message":"Generated QR code for session:","qrcodeImageUrl":"https://api.qrserver.com/v1/create-qr-code/?size=200x200&data=http%3A%2F%2Flocalhost%3A9999%2Fapi%2Fwx-login%2Fcallback%3Fsession%3Drizn57x0kfl%26code%3Dmock_code_rizn57x0kfl","service":"popmart-service","sessionId":"rizn57x0kfl"}
{"level":"info","message":"Generated QR code for session:","qrcodeImageUrl":"https://api.qrserver.com/v1/create-qr-code/?size=200x200&data=http%3A%2F%2Flocalhost%3A9999%2Fapi%2Fwx-login%2Fcallback%3Fsession%3D8yd1l8iqggk%26code%3Dmock_code_8yd1l8iqggk","service":"popmart-service","sessionId":"8yd1l8iqggk"}
{"level":"info","message":"Generated QR code for session:","qrcodeImageUrl":"https://api.qrserver.com/v1/create-qr-code/?size=200x200&data=http%3A%2F%2Flocalhost%3A9999%2Fapi%2Fwx-login%2Fcallback%3Fsession%3Dg5pumi81vpr%26code%3Dmock_code_g5pumi81vpr","service":"popmart-service","sessionId":"g5pumi81vpr"}
{"level":"info","message":"Generated QR code for session:","qrcodeImageUrl":"https://api.qrserver.com/v1/create-qr-code/?size=200x200&data=http%3A%2F%2Flocalhost%3A9999%2Fapi%2Fwx-login%2Fcallback%3Fsession%3Da9zctehark7%26code%3Dmock_code_a9zctehark7","service":"popmart-service","sessionId":"a9zctehark7"}
{"level":"info","message":"Generated QR code for session:","qrcodeImageUrl":"https://api.qrserver.com/v1/create-qr-code/?size=200x200&data=http%3A%2F%2Flocalhost%3A9999%2Fapi%2Fwx-login%2Fcallback%3Fsession%3D9qy83d97s1n%26code%3Dmock_code_9qy83d97s1n","service":"popmart-service","sessionId":"9qy83d97s1n"}
{"level":"info","message":"Generated QR code for session:","qrcodeImageUrl":"https://api.qrserver.com/v1/create-qr-code/?size=200x200&data=http%3A%2F%2Flocalhost%3A9999%2Fapi%2Fwx-login%2Fcallback%3Fsession%3Du96t2ir0q7%26code%3Dmock_code_u96t2ir0q7","service":"popmart-service","sessionId":"u96t2ir0q7"}
{"level":"info","message":"Generated QR code for session:","qrcodeImageUrl":"https://api.qrserver.com/v1/create-qr-code/?size=200x200&data=http%3A%2F%2Flocalhost%3A9999%2Fapi%2Fwx-login%2Fcallback%3Fsession%3Dkm4y7cmewer%26code%3Dmock_code_km4y7cmewer","service":"popmart-service","sessionId":"km4y7cmewer"}
{"level":"info","message":"Generated QR code for session:","qrcodeImageUrl":"https://api.qrserver.com/v1/create-qr-code/?size=200x200&data=http%3A%2F%2Flocalhost%3A9999%2Fapi%2Fwx-login%2Fcallback%3Fsession%3Dj9we1whvjy%26code%3Dmock_code_j9we1whvjy","service":"popmart-service","sessionId":"j9we1whvjy"}
{"level":"info","message":"Generated QR code for session:","qrcodeImageUrl":"https://api.qrserver.com/v1/create-qr-code/?size=200x200&data=http%3A%2F%2Flocalhost%3A9999%2Fapi%2Fwx-login%2Fcallback%3Fsession%3Dgw9nlmmo7q8%26code%3Dmock_code_gw9nlmmo7q8","service":"popmart-service","sessionId":"gw9nlmmo7q8"}
{"level":"info","message":"Generated QR code for session:","qrcodeImageUrl":"https://api.qrserver.com/v1/create-qr-code/?size=200x200&data=http%3A%2F%2Flocalhost%3A9999%2Fapi%2Fwx-login%2Fcallback%3Fsession%3Dv324e7nl47l%26code%3Dmock_code_v324e7nl47l","service":"popmart-service","sessionId":"v324e7nl47l"}
{"level":"info","message":"Generated QR code for session:","qrcodeImageUrl":"https://api.qrserver.com/v1/create-qr-code/?size=200x200&data=http%3A%2F%2Flocalhost%3A9999%2Fapi%2Fwx-login%2Fcallback%3Fsession%3Dvrfvgcc88ki%26code%3Dmock_code_vrfvgcc88ki","service":"popmart-service","sessionId":"vrfvgcc88ki"}
{"level":"info","message":"Generated QR code for session:","qrcodeImageUrl":"https://api.qrserver.com/v1/create-qr-code/?size=200x200&data=http%3A%2F%2Flocalhost%3A9999%2Fapi%2Fwx-login%2Fcallback%3Fsession%3D9dbaykhfpso%26code%3Dmock_code_9dbaykhfpso","service":"popmart-service","sessionId":"9dbaykhfpso"}
{"level":"info","message":"Generated QR code for session:","qrcodeImageUrl":"https://api.qrserver.com/v1/create-qr-code/?size=200x200&data=http%3A%2F%2Flocalhost%3A9999%2Fapi%2Fwx-login%2Fcallback%3Fsession%3Dgo23w16sfl8%26code%3Dmock_code_go23w16sfl8","service":"popmart-service","sessionId":"go23w16sfl8"}
{"level":"info","message":"Generated QR code for session:","qrcodeImageUrl":"https://api.qrserver.com/v1/create-qr-code/?size=200x200&data=http%3A%2F%2Flocalhost%3A9999%2Fapi%2Fwx-login%2Fcallback%3Fsession%3Dm29545k216%26code%3Dmock_code_m29545k216","service":"popmart-service","sessionId":"m29545k216"}
{"level":"info","message":"Generated QR code for session:","qrcodeImageUrl":"https://api.qrserver.com/v1/create-qr-code/?size=200x200&data=http%3A%2F%2Flocalhost%3A9999%2Fapi%2Fwx-login%2Fcallback%3Fsession%3Duy6l9x5olgn%26code%3Dmock_code_uy6l9x5olgn","service":"popmart-service","sessionId":"uy6l9x5olgn"}
{"level":"info","message":"Generated QR code for session:","qrcodeImageUrl":"https://api.qrserver.com/v1/create-qr-code/?size=200x200&data=http%3A%2F%2Flocalhost%3A9999%2Fapi%2Fwx-login%2Fcallback%3Fsession%3Dgoagaxxho1%26code%3Dmock_code_goagaxxho1","service":"popmart-service","sessionId":"goagaxxho1"}
{"level":"info","message":"Generated QR code for session:","qrcodeImageUrl":"https://api.qrserver.com/v1/create-qr-code/?size=200x200&data=http%3A%2F%2Flocalhost%3A9999%2Fapi%2Fwx-login%2Fcallback%3Fsession%3Dbbcun34ymnw%26code%3Dmock_code_bbcun34ymnw","service":"popmart-service","sessionId":"bbcun34ymnw"}
{"level":"info","message":"Generated QR code for session:","qrcodeImageUrl":"https://api.qrserver.com/v1/create-qr-code/?size=200x200&data=http%3A%2F%2Flocalhost%3A9999%2Fapi%2Fwx-login%2Fcallback%3Fsession%3Dmcquv3nw5%26code%3Dmock_code_mcquv3nw5","service":"popmart-service","sessionId":"mcquv3nw5"}
{"level":"info","message":"Generated QR code for session:","qrcodeImageUrl":"https://api.qrserver.com/v1/create-qr-code/?size=200x200&data=http%3A%2F%2Flocalhost%3A9999%2Fapi%2Fwx-login%2Fcallback%3Fsession%3Dw3a9qvplni%26code%3Dmock_code_w3a9qvplni","service":"popmart-service","sessionId":"w3a9qvplni"}
{"level":"info","message":"Generated QR code for session:","qrcodeImageUrl":"https://api.qrserver.com/v1/create-qr-code/?size=200x200&data=http%3A%2F%2Flocalhost%3A9999%2Fapi%2Fwx-login%2Fcallback%3Fsession%3Dc5w03y63ffg%26code%3Dmock_code_c5w03y63ffg","service":"popmart-service","sessionId":"c5w03y63ffg"}
{"level":"info","message":"Generated QR code for session:","qrcodeImageUrl":"https://api.qrserver.com/v1/create-qr-code/?size=200x200&data=http%3A%2F%2Flocalhost%3A9999%2Fapi%2Fwx-login%2Fcallback%3Fsession%3De1d1nzjety6%26code%3Dmock_code_e1d1nzjety6","service":"popmart-service","sessionId":"e1d1nzjety6"}
{"level":"info","message":"Generated QR code for session:","qrcodeImageUrl":"https://api.qrserver.com/v1/create-qr-code/?size=200x200&data=http%3A%2F%2Flocalhost%3A9999%2Fapi%2Fwx-login%2Fcallback%3Fsession%3Dqpirzmvhmzn%26code%3Dmock_code_qpirzmvhmzn","service":"popmart-service","sessionId":"qpirzmvhmzn"}
{"level":"info","message":"Generated QR code for session:","qrcodeImageUrl":"https://api.qrserver.com/v1/create-qr-code/?size=200x200&data=http%3A%2F%2Flocalhost%3A9999%2Fapi%2Fwx-login%2Fcallback%3Fsession%3D4e9ba60bpbs%26code%3Dmock_code_4e9ba60bpbs","service":"popmart-service","sessionId":"4e9ba60bpbs"}
{"level":"info","message":"Generated QR code for session:","qrcodeImageUrl":"https://api.qrserver.com/v1/create-qr-code/?size=200x200&data=http%3A%2F%2Flocalhost%3A9999%2Fapi%2Fwx-login%2Fcallback%3Fsession%3Dubvawowfgjb%26code%3Dmock_code_ubvawowfgjb","service":"popmart-service","sessionId":"ubvawowfgjb"}
{"level":"info","message":"Generated QR code for session:","qrcodeImageUrl":"https://api.qrserver.com/v1/create-qr-code/?size=200x200&data=http%3A%2F%2Flocalhost%3A9999%2Fapi%2Fwx-login%2Fcallback%3Fsession%3Dc8qqyz2shju%26code%3Dmock_code_c8qqyz2shju","service":"popmart-service","sessionId":"c8qqyz2shju"}
{"level":"info","message":"Generated QR code for session:","qrcodeImageUrl":"https://api.qrserver.com/v1/create-qr-code/?size=200x200&data=http%3A%2F%2Flocalhost%3A9999%2Fapi%2Fwx-login%2Fcallback%3Fsession%3Dt15f6rikpg8%26code%3Dmock_code_t15f6rikpg8","service":"popmart-service","sessionId":"t15f6rikpg8"}
{"level":"info","message":"Generated QR code for session:","qrcodeImageUrl":"https://api.qrserver.com/v1/create-qr-code/?size=200x200&data=http%3A%2F%2Flocalhost%3A9999%2Fapi%2Fwx-login%2Fcallback%3Fsession%3Dc72fykjoshh%26code%3Dmock_code_c72fykjoshh","service":"popmart-service","sessionId":"c72fykjoshh"}
{"level":"info","message":"Generated QR code for session:","qrcodeImageUrl":"https://api.qrserver.com/v1/create-qr-code/?size=200x200&data=http%3A%2F%2Flocalhost%3A9999%2Fapi%2Fwx-login%2Fcallback%3Fsession%3Da93kvvxf37i%26code%3Dmock_code_a93kvvxf37i","service":"popmart-service","sessionId":"a93kvvxf37i"}
{"level":"info","message":"Generated QR code for session:","qrcodeImageUrl":"https://api.qrserver.com/v1/create-qr-code/?size=200x200&data=http%3A%2F%2Flocalhost%3A9999%2Fapi%2Fwx-login%2Fcallback%3Fsession%3Df31192l38p8%26code%3Dmock_code_f31192l38p8","service":"popmart-service","sessionId":"f31192l38p8"}
{"level":"info","message":"Generated QR code for session:","qrcodeImageUrl":"https://api.qrserver.com/v1/create-qr-code/?size=200x200&data=http%3A%2F%2Flocalhost%3A9999%2Fapi%2Fwx-login%2Fcallback%3Fsession%3Dg1xq90mrn2%26code%3Dmock_code_g1xq90mrn2","service":"popmart-service","sessionId":"g1xq90mrn2"}
{"level":"info","message":"Generated QR code for session:","qrcodeImageUrl":"https://api.qrserver.com/v1/create-qr-code/?size=200x200&data=http%3A%2F%2Flocalhost%3A9999%2Fapi%2Fwx-login%2Fcallback%3Fsession%3Dhzuxvhmvobj%26code%3Dmock_code_hzuxvhmvobj","service":"popmart-service","sessionId":"hzuxvhmvobj"}
{"level":"info","message":"Generated QR code for session:","qrcodeImageUrl":"https://api.qrserver.com/v1/create-qr-code/?size=200x200&data=http%3A%2F%2Flocalhost%3A9999%2Fapi%2Fwx-login%2Fcallback%3Fsession%3D6eaxo0ijdlo%26code%3Dmock_code_6eaxo0ijdlo","service":"popmart-service","sessionId":"6eaxo0ijdlo"}
{"level":"info","message":"Generated QR code for session:","qrcodeImageUrl":"https://api.qrserver.com/v1/create-qr-code/?size=200x200&data=http%3A%2F%2Flocalhost%3A9999%2Fapi%2Fwx-login%2Fcallback%3Fsession%3Dulpiphcbo8%26code%3Dmock_code_ulpiphcbo8","service":"popmart-service","sessionId":"ulpiphcbo8"}
{"level":"info","message":"Generated QR code for session:","qrcodeImageUrl":"https://api.qrserver.com/v1/create-qr-code/?size=200x200&data=http%3A%2F%2Flocalhost%3A9999%2Fapi%2Fwx-login%2Fcallback%3Fsession%3Dr32pxpvvzbc%26code%3Dmock_code_r32pxpvvzbc","service":"popmart-service","sessionId":"r32pxpvvzbc"}
{"level":"info","message":"Generated QR code for session:","qrcodeImageUrl":"https://api.qrserver.com/v1/create-qr-code/?size=200x200&data=http%3A%2F%2Flocalhost%3A9999%2Fapi%2Fwx-login%2Fcallback%3Fsession%3Duk4rn7zyhk9%26code%3Dmock_code_uk4rn7zyhk9","service":"popmart-service","sessionId":"uk4rn7zyhk9"}
{"level":"info","message":"Generated QR code for session:","qrcodeImageUrl":"https://api.qrserver.com/v1/create-qr-code/?size=200x200&data=http%3A%2F%2Flocalhost%3A9999%2Fapi%2Fwx-login%2Fcallback%3Fsession%3Dnw7ax55xul%26code%3Dmock_code_nw7ax55xul","service":"popmart-service","sessionId":"nw7ax55xul"}
{"level":"info","message":"Generated QR code for session:","qrcodeImageUrl":"https://api.qrserver.com/v1/create-qr-code/?size=200x200&data=http%3A%2F%2Flocalhost%3A9999%2Fapi%2Fwx-login%2Fcallback%3Fsession%3Dalpv0jsungc%26code%3Dmock_code_alpv0jsungc","service":"popmart-service","sessionId":"alpv0jsungc"}
{"level":"info","message":"Generated QR code for session:","qrcodeImageUrl":"https://api.qrserver.com/v1/create-qr-code/?size=200x200&data=http%3A%2F%2Flocalhost%3A9999%2Fapi%2Fwx-login%2Fcallback%3Fsession%3Duvzk2gzrgca%26code%3Dmock_code_uvzk2gzrgca","service":"popmart-service","sessionId":"uvzk2gzrgca"}
{"level":"info","message":"Generated QR code for session:","qrcodeImageUrl":"https://api.qrserver.com/v1/create-qr-code/?size=200x200&data=http%3A%2F%2Flocalhost%3A9999%2Fapi%2Fwx-login%2Fcallback%3Fsession%3Dld1c4n7678g%26code%3Dmock_code_ld1c4n7678g","service":"popmart-service","sessionId":"ld1c4n7678g"}
{"level":"info","message":"Generated QR code for session:","qrcodeImageUrl":"https://api.qrserver.com/v1/create-qr-code/?size=200x200&data=http%3A%2F%2Flocalhost%3A9999%2Fapi%2Fwx-login%2Fcallback%3Fsession%3D4h1w2w6fgau%26code%3Dmock_code_4h1w2w6fgau","service":"popmart-service","sessionId":"4h1w2w6fgau"}
{"level":"info","message":"Generated QR code for session:","qrcodeImageUrl":"https://api.qrserver.com/v1/create-qr-code/?size=200x200&data=http%3A%2F%2Flocalhost%3A9999%2Fapi%2Fwx-login%2Fcallback%3Fsession%3Dngzuzovr22%26code%3Dmock_code_ngzuzovr22","service":"popmart-service","sessionId":"ngzuzovr22"}
{"level":"info","message":"Generated QR code for session:","qrcodeImageUrl":"https://api.qrserver.com/v1/create-qr-code/?size=200x200&data=http%3A%2F%2Flocalhost%3A9999%2Fapi%2Fwx-login%2Fcallback%3Fsession%3Dzg0ze81wpv%26code%3Dmock_code_zg0ze81wpv","service":"popmart-service","sessionId":"zg0ze81wpv"}
{"level":"info","message":"Generated QR code for session:","qrcodeImageUrl":"https://api.qrserver.com/v1/create-qr-code/?size=200x200&data=http%3A%2F%2Flocalhost%3A9999%2Fapi%2Fwx-login%2Fcallback%3Fsession%3Dpp854v1mcc%26code%3Dmock_code_pp854v1mcc","service":"popmart-service","sessionId":"pp854v1mcc"}
{"level":"info","message":"Generated QR code for session:","qrcodeImageUrl":"https://api.qrserver.com/v1/create-qr-code/?size=200x200&data=http%3A%2F%2Flocalhost%3A9999%2Fapi%2Fwx-login%2Fcallback%3Fsession%3Drbpc7q11qhs%26code%3Dmock_code_rbpc7q11qhs","service":"popmart-service","sessionId":"rbpc7q11qhs"}
{"level":"info","message":"Generated QR code for session:","qrcodeImageUrl":"https://api.qrserver.com/v1/create-qr-code/?size=200x200&data=http%3A%2F%2Flocalhost%3A9999%2Fapi%2Fwx-login%2Fcallback%3Fsession%3Di7rzrd5eu3d%26code%3Dmock_code_i7rzrd5eu3d","service":"popmart-service","sessionId":"i7rzrd5eu3d"}
{"level":"info","message":"Generated QR code for session:","qrcodeImageUrl":"https://api.qrserver.com/v1/create-qr-code/?size=200x200&data=http%3A%2F%2Flocalhost%3A9999%2Fapi%2Fwx-login%2Fcallback%3Fsession%3Dzqxfw033j6%26code%3Dmock_code_zqxfw033j6","service":"popmart-service","sessionId":"zqxfw033j6"}
{"level":"info","message":"Generated QR code for session:","qrcodeImageUrl":"https://api.qrserver.com/v1/create-qr-code/?size=200x200&data=http%3A%2F%2Flocalhost%3A9999%2Fapi%2Fwx-login%2Fcallback%3Fsession%3Dmgesnhgxxom%26code%3Dmock_code_mgesnhgxxom","service":"popmart-service","sessionId":"mgesnhgxxom"}
{"level":"info","message":"Generated QR code for session:","qrcodeImageUrl":"https://api.qrserver.com/v1/create-qr-code/?size=200x200&data=http%3A%2F%2Flocalhost%3A9999%2Fapi%2Fwx-login%2Fcallback%3Fsession%3D9mqxhbhfuj8%26code%3Dmock_code_9mqxhbhfuj8","service":"popmart-service","sessionId":"9mqxhbhfuj8"}
{"level":"info","message":"Generated QR code for session:","qrcodeImageUrl":"https://api.qrserver.com/v1/create-qr-code/?size=200x200&data=http%3A%2F%2Flocalhost%3A9999%2Fapi%2Fwx-login%2Fcallback%3Fsession%3Dtvyfd8rcks%26code%3Dmock_code_tvyfd8rcks","service":"popmart-service","sessionId":"tvyfd8rcks"}
{"level":"info","message":"Generated QR code for session:","qrcodeImageUrl":"https://api.qrserver.com/v1/create-qr-code/?size=200x200&data=http%3A%2F%2Flocalhost%3A9999%2Fapi%2Fwx-login%2Fcallback%3Fsession%3Ddlkq7q0vggs%26code%3Dmock_code_dlkq7q0vggs","service":"popmart-service","sessionId":"dlkq7q0vggs"}
{"level":"info","message":"Generated QR code for session:","qrcodeImageUrl":"https://api.qrserver.com/v1/create-qr-code/?size=200x200&data=http%3A%2F%2Flocalhost%3A9999%2Fapi%2Fwx-login%2Fcallback%3Fsession%3Dlwzc43zanzj%26code%3Dmock_code_lwzc43zanzj","service":"popmart-service","sessionId":"lwzc43zanzj"}
{"level":"info","message":"Generated QR code for session:","qrcodeImageUrl":"https://api.qrserver.com/v1/create-qr-code/?size=200x200&data=http%3A%2F%2Flocalhost%3A9999%2Fapi%2Fwx-login%2Fcallback%3Fsession%3Depnk4jxb9ve%26code%3Dmock_code_epnk4jxb9ve","service":"popmart-service","sessionId":"epnk4jxb9ve"}
{"level":"info","message":"Generated QR code for session:","qrcodeImageUrl":"https://api.qrserver.com/v1/create-qr-code/?size=200x200&data=http%3A%2F%2Flocalhost%3A9999%2Fapi%2Fwx-login%2Fcallback%3Fsession%3Dusgni4xhj2f%26code%3Dmock_code_usgni4xhj2f","service":"popmart-service","sessionId":"usgni4xhj2f"}
{"level":"info","message":"Generated QR code for session:","qrcodeImageUrl":"https://api.qrserver.com/v1/create-qr-code/?size=200x200&data=http%3A%2F%2Flocalhost%3A9999%2Fapi%2Fwx-login%2Fcallback%3Fsession%3Dp05t6zvelv%26code%3Dmock_code_p05t6zvelv","service":"popmart-service","sessionId":"p05t6zvelv"}
{"level":"info","message":"Generated QR code for session:","qrcodeImageUrl":"https://api.qrserver.com/v1/create-qr-code/?size=200x200&data=http%3A%2F%2Flocalhost%3A9999%2Fapi%2Fwx-login%2Fcallback%3Fsession%3D8qmdk2vz0x4%26code%3Dmock_code_8qmdk2vz0x4","service":"popmart-service","sessionId":"8qmdk2vz0x4"}
{"level":"info","message":"Generated QR code for session:","qrcodeImageUrl":"https://api.qrserver.com/v1/create-qr-code/?size=200x200&data=http%3A%2F%2Flocalhost%3A9999%2Fapi%2Fwx-login%2Fcallback%3Fsession%3D9d3h3qx8fpm%26code%3Dmock_code_9d3h3qx8fpm","service":"popmart-service","sessionId":"9d3h3qx8fpm"}
{"level":"info","message":"Generated QR code for session:","qrcodeImageUrl":"https://api.qrserver.com/v1/create-qr-code/?size=200x200&data=http%3A%2F%2Flocalhost%3A9999%2Fapi%2Fwx-login%2Fcallback%3Fsession%3D269qp891crh%26code%3Dmock_code_269qp891crh","service":"popmart-service","sessionId":"269qp891crh"}
{"level":"info","message":"Generated QR code for session:","qrcodeImageUrl":"https://api.qrserver.com/v1/create-qr-code/?size=200x200&data=http%3A%2F%2Flocalhost%3A9999%2Fapi%2Fwx-login%2Fcallback%3Fsession%3Ddp2iywgb5xd%26code%3Dmock_code_dp2iywgb5xd","service":"popmart-service","sessionId":"dp2iywgb5xd"}
{"level":"info","message":"Generated QR code for session:","qrcodeImageUrl":"https://api.qrserver.com/v1/create-qr-code/?size=200x200&data=http%3A%2F%2Flocalhost%3A9999%2Fapi%2Fwx-login%2Fcallback%3Fsession%3D5j2vnowcip%26code%3Dmock_code_5j2vnowcip","service":"popmart-service","sessionId":"5j2vnowcip"}
{"level":"info","message":"Generated QR code for session:","qrcodeImageUrl":"https://api.qrserver.com/v1/create-qr-code/?size=200x200&data=http%3A%2F%2Flocalhost%3A9999%2Fapi%2Fwx-login%2Fcallback%3Fsession%3D3cw0rrwjf8p%26code%3Dmock_code_3cw0rrwjf8p","service":"popmart-service","sessionId":"3cw0rrwjf8p"}
{"level":"info","message":"Generated QR code for session:","qrcodeImageUrl":"https://api.qrserver.com/v1/create-qr-code/?size=200x200&data=http%3A%2F%2Flocalhost%3A9999%2Fapi%2Fwx-login%2Fcallback%3Fsession%3Dl58z2iupbbn%26code%3Dmock_code_l58z2iupbbn","service":"popmart-service","sessionId":"l58z2iupbbn"}
{"level":"info","message":"Generated QR code for session:","qrcodeImageUrl":"https://api.qrserver.com/v1/create-qr-code/?size=200x200&data=http%3A%2F%2Flocalhost%3A9999%2Fapi%2Fwx-login%2Fcallback%3Fsession%3Dtvnbkl9wvyd%26code%3Dmock_code_tvnbkl9wvyd","service":"popmart-service","sessionId":"tvnbkl9wvyd"}
{"level":"info","message":"Generated QR code for session:","qrcodeImageUrl":"https://api.qrserver.com/v1/create-qr-code/?size=200x200&data=http%3A%2F%2Flocalhost%3A9999%2Fapi%2Fwx-login%2Fcallback%3Fsession%3Dgc0ccoqkhnn%26code%3Dmock_code_gc0ccoqkhnn","service":"popmart-service","sessionId":"gc0ccoqkhnn"}
{"level":"info","message":"Generated QR code for session:","qrcodeImageUrl":"https://api.qrserver.com/v1/create-qr-code/?size=200x200&data=http%3A%2F%2Flocalhost%3A9999%2Fapi%2Fwx-login%2Fcallback%3Fsession%3Dg5oc0luuemn%26code%3Dmock_code_g5oc0luuemn","service":"popmart-service","sessionId":"g5oc0luuemn"}
{"level":"info","message":"Generated QR code for session:","qrcodeImageUrl":"https://api.qrserver.com/v1/create-qr-code/?size=200x200&data=http%3A%2F%2Flocalhost%3A9999%2Fapi%2Fwx-login%2Fcallback%3Fsession%3D0sy7iq24h6h%26code%3Dmock_code_0sy7iq24h6h","service":"popmart-service","sessionId":"0sy7iq24h6h"}
{"level":"info","message":"Generated QR code for session:","qrcodeImageUrl":"https://api.qrserver.com/v1/create-qr-code/?size=200x200&data=http%3A%2F%2Flocalhost%3A9999%2Fapi%2Fwx-login%2Fcallback%3Fsession%3Dihpo2ysgxaf%26code%3Dmock_code_ihpo2ysgxaf","service":"popmart-service","sessionId":"ihpo2ysgxaf"}
{"level":"info","message":"Generated QR code for session:","qrcodeImageUrl":"https://api.qrserver.com/v1/create-qr-code/?size=200x200&data=http%3A%2F%2Flocalhost%3A9999%2Fapi%2Fwx-login%2Fcallback%3Fsession%3Deownwlbygw%26code%3Dmock_code_eownwlbygw","service":"popmart-service","sessionId":"eownwlbygw"}
{"level":"info","message":"Generated QR code for session:","qrcodeImageUrl":"https://api.qrserver.com/v1/create-qr-code/?size=200x200&data=http%3A%2F%2Flocalhost%3A9999%2Fapi%2Fwx-login%2Fcallback%3Fsession%3Daeiydsvx9z5%26code%3Dmock_code_aeiydsvx9z5","service":"popmart-service","sessionId":"aeiydsvx9z5"}
{"level":"info","message":"Generated QR code for session:","qrcodeImageUrl":"https://api.qrserver.com/v1/create-qr-code/?size=200x200&data=http%3A%2F%2Flocalhost%3A9999%2Fapi%2Fwx-login%2Fcallback%3Fsession%3Dwu0lqsw3zz%26code%3Dmock_code_wu0lqsw3zz","service":"popmart-service","sessionId":"wu0lqsw3zz"}
{"level":"info","message":"Generated QR code for session:","qrcodeImageUrl":"https://api.qrserver.com/v1/create-qr-code/?size=200x200&data=http%3A%2F%2Flocalhost%3A9999%2Fapi%2Fwx-login%2Fcallback%3Fsession%3Det18ibs845n%26code%3Dmock_code_et18ibs845n","service":"popmart-service","sessionId":"et18ibs845n"}
{"level":"info","message":"Generated QR code for session:","qrcodeImageUrl":"https://api.qrserver.com/v1/create-qr-code/?size=200x200&data=http%3A%2F%2Flocalhost%3A9999%2Fapi%2Fwx-login%2Fcallback%3Fsession%3Db5q4kqhdkn%26code%3Dmock_code_b5q4kqhdkn","service":"popmart-service","sessionId":"b5q4kqhdkn"}
{"level":"info","message":"Generated QR code for session:","qrcodeImageUrl":"https://api.qrserver.com/v1/create-qr-code/?size=200x200&data=http%3A%2F%2Flocalhost%3A9999%2Fapi%2Fwx-login%2Fcallback%3Fsession%3Dypawwkywm9%26code%3Dmock_code_ypawwkywm9","service":"popmart-service","sessionId":"ypawwkywm9"}
{"level":"info","message":"Generated QR code for session:","qrcodeImageUrl":"https://api.qrserver.com/v1/create-qr-code/?size=200x200&data=http%3A%2F%2Flocalhost%3A9999%2Fapi%2Fwx-login%2Fcallback%3Fsession%3Dvn2ovxqmvn8%26code%3Dmock_code_vn2ovxqmvn8","service":"popmart-service","sessionId":"vn2ovxqmvn8"}
{"level":"info","message":"Generated QR code for session:","qrcodeImageUrl":"https://api.qrserver.com/v1/create-qr-code/?size=200x200&data=http%3A%2F%2Flocalhost%3A9999%2Fapi%2Fwx-login%2Fcallback%3Fsession%3Disxneq81nkk%26code%3Dmock_code_isxneq81nkk","service":"popmart-service","sessionId":"isxneq81nkk"}
{"level":"info","message":"Generated QR code for session:","qrcodeImageUrl":"https://api.qrserver.com/v1/create-qr-code/?size=200x200&data=http%3A%2F%2Flocalhost%3A9999%2Fapi%2Fwx-login%2Fcallback%3Fsession%3D0x5q59l7xmu%26code%3Dmock_code_0x5q59l7xmu","service":"popmart-service","sessionId":"0x5q59l7xmu"}
{"level":"info","message":"Generated QR code for session:","qrcodeImageUrl":"https://api.qrserver.com/v1/create-qr-code/?size=200x200&data=http%3A%2F%2Flocalhost%3A9999%2Fapi%2Fwx-login%2Fcallback%3Fsession%3Dt80dm3f9c2i%26code%3Dmock_code_t80dm3f9c2i","service":"popmart-service","sessionId":"t80dm3f9c2i"}
{"level":"info","message":"Generated QR code for session:","qrcodeImageUrl":"https://api.qrserver.com/v1/create-qr-code/?size=200x200&data=http%3A%2F%2Flocalhost%3A9999%2Fapi%2Fwx-login%2Fcallback%3Fsession%3Dywoxdqmvlkm%26code%3Dmock_code_ywoxdqmvlkm","service":"popmart-service","sessionId":"ywoxdqmvlkm"}
{"level":"info","message":"Generated QR code for session:","qrcodeImageUrl":"https://api.qrserver.com/v1/create-qr-code/?size=200x200&data=http%3A%2F%2Flocalhost%3A9999%2Fapi%2Fwx-login%2Fcallback%3Fsession%3Dy3osp9lcrcj%26code%3Dmock_code_y3osp9lcrcj","service":"popmart-service","sessionId":"y3osp9lcrcj"}
{"level":"info","message":"Generated QR code for session:","qrcodeImageUrl":"https://api.qrserver.com/v1/create-qr-code/?size=200x200&data=http%3A%2F%2Flocalhost%3A9999%2Fapi%2Fwx-login%2Fcallback%3Fsession%3Dbpfw3pactuv%26code%3Dmock_code_bpfw3pactuv","service":"popmart-service","sessionId":"bpfw3pactuv"}
{"level":"info","message":"Generated QR code for session:","qrcodeImageUrl":"https://api.qrserver.com/v1/create-qr-code/?size=200x200&data=http%3A%2F%2Flocalhost%3A9999%2Fapi%2Fwx-login%2Fcallback%3Fsession%3Dudo354cxbcs%26code%3Dmock_code_udo354cxbcs","service":"popmart-service","sessionId":"udo354cxbcs"}
{"level":"info","message":"Generated QR code for session:","qrcodeImageUrl":"https://api.qrserver.com/v1/create-qr-code/?size=200x200&data=http%3A%2F%2Flocalhost%3A9999%2Fapi%2Fwx-login%2Fcallback%3Fsession%3Dll64mju1vq%26code%3Dmock_code_ll64mju1vq","service":"popmart-service","sessionId":"ll64mju1vq"}
{"level":"info","message":"Generated QR code for session:","qrcodeImageUrl":"https://api.qrserver.com/v1/create-qr-code/?size=200x200&data=http%3A%2F%2Flocalhost%3A9999%2Fapi%2Fwx-login%2Fcallback%3Fsession%3Deerkxcn10yt%26code%3Dmock_code_eerkxcn10yt","service":"popmart-service","sessionId":"eerkxcn10yt"}
{"level":"info","message":"Generated QR code for session:","qrcodeImageUrl":"https://api.qrserver.com/v1/create-qr-code/?size=200x200&data=http%3A%2F%2Flocalhost%3A9999%2Fapi%2Fwx-login%2Fcallback%3Fsession%3Dkrmhwqcybu%26code%3Dmock_code_krmhwqcybu","service":"popmart-service","sessionId":"krmhwqcybu"}
{"level":"info","message":"Generated QR code for session:","qrcodeImageUrl":"https://api.qrserver.com/v1/create-qr-code/?size=200x200&data=http%3A%2F%2Flocalhost%3A9999%2Fapi%2Fwx-login%2Fcallback%3Fsession%3D9e121syxopl%26code%3Dmock_code_9e121syxopl","service":"popmart-service","sessionId":"9e121syxopl"}
{"level":"info","message":"Generated QR code for session:","qrcodeImageUrl":"https://api.qrserver.com/v1/create-qr-code/?size=200x200&data=http%3A%2F%2Flocalhost%3A9999%2Fapi%2Fwx-login%2Fcallback%3Fsession%3Dtxvsdjy2xxn%26code%3Dmock_code_txvsdjy2xxn","service":"popmart-service","sessionId":"txvsdjy2xxn"}
{"level":"info","message":"Generated QR code for session:","qrcodeImageUrl":"https://api.qrserver.com/v1/create-qr-code/?size=200x200&data=http%3A%2F%2Flocalhost%3A9999%2Fapi%2Fwx-login%2Fcallback%3Fsession%3Du9v0qds4z4d%26code%3Dmock_code_u9v0qds4z4d","service":"popmart-service","sessionId":"u9v0qds4z4d"}
{"level":"info","message":"Generated QR code for session:","qrcodeImageUrl":"https://api.qrserver.com/v1/create-qr-code/?size=200x200&data=http%3A%2F%2Flocalhost%3A9999%2Fapi%2Fwx-login%2Fcallback%3Fsession%3Dpfp3n6flat%26code%3Dmock_code_pfp3n6flat","service":"popmart-service","sessionId":"pfp3n6flat"}
{"level":"info","message":"Generated QR code for session:","qrcodeImageUrl":"https://api.qrserver.com/v1/create-qr-code/?size=200x200&data=http%3A%2F%2Flocalhost%3A9999%2Fapi%2Fwx-login%2Fcallback%3Fsession%3Dmgizn7da1t%26code%3Dmock_code_mgizn7da1t","service":"popmart-service","sessionId":"mgizn7da1t"}
{"level":"info","message":"Generated QR code for session:","qrcodeImageUrl":"https://api.qrserver.com/v1/create-qr-code/?size=200x200&data=http%3A%2F%2Flocalhost%3A9999%2Fapi%2Fwx-login%2Fcallback%3Fsession%3Dpa9dvfky9qf%26code%3Dmock_code_pa9dvfky9qf","service":"popmart-service","sessionId":"pa9dvfky9qf"}
{"level":"info","message":"Generated QR code for session:","qrcodeImageUrl":"https://api.qrserver.com/v1/create-qr-code/?size=200x200&data=http%3A%2F%2Flocalhost%3A9999%2Fapi%2Fwx-login%2Fcallback%3Fsession%3D19obe75d257h%26code%3Dmock_code_19obe75d257h","service":"popmart-service","sessionId":"19obe75d257h"}
{"level":"info","message":"Generated QR code for session:","qrcodeImageUrl":"https://api.qrserver.com/v1/create-qr-code/?size=200x200&data=http%3A%2F%2Flocalhost%3A9999%2Fapi%2Fwx-login%2Fcallback%3Fsession%3D8fxjyyyqq0v%26code%3Dmock_code_8fxjyyyqq0v","service":"popmart-service","sessionId":"8fxjyyyqq0v"}
{"level":"info","message":"Generated QR code for session:","qrcodeImageUrl":"https://api.qrserver.com/v1/create-qr-code/?size=200x200&data=http%3A%2F%2Flocalhost%3A9999%2Fapi%2Fwx-login%2Fcallback%3Fsession%3Dit3xacmsz9%26code%3Dmock_code_it3xacmsz9","service":"popmart-service","sessionId":"it3xacmsz9"}
{"level":"info","message":"Generated QR code for session:","qrcodeImageUrl":"https://api.qrserver.com/v1/create-qr-code/?size=200x200&data=http%3A%2F%2Flocalhost%3A9999%2Fapi%2Fwx-login%2Fcallback%3Fsession%3D9g3w53dilbc%26code%3Dmock_code_9g3w53dilbc","service":"popmart-service","sessionId":"9g3w53dilbc"}
{"level":"info","message":"Generated QR code for session:","qrcodeImageUrl":"https://api.qrserver.com/v1/create-qr-code/?size=200x200&data=http%3A%2F%2Flocalhost%3A9999%2Fapi%2Fwx-login%2Fcallback%3Fsession%3Dluwc3rz4kya%26code%3Dmock_code_luwc3rz4kya","service":"popmart-service","sessionId":"luwc3rz4kya"}
{"level":"info","message":"Generated QR code for session:","qrcodeImageUrl":"https://api.qrserver.com/v1/create-qr-code/?size=200x200&data=http%3A%2F%2Flocalhost%3A9999%2Fapi%2Fwx-login%2Fcallback%3Fsession%3Dsxsvncorod%26code%3Dmock_code_sxsvncorod","service":"popmart-service","sessionId":"sxsvncorod"}
{"level":"info","message":"Generated QR code for session:","qrcodeImageUrl":"https://api.qrserver.com/v1/create-qr-code/?size=200x200&data=http%3A%2F%2Flocalhost%3A9999%2Fapi%2Fwx-login%2Fcallback%3Fsession%3Dptx9vev5ty9%26code%3Dmock_code_ptx9vev5ty9","service":"popmart-service","sessionId":"ptx9vev5ty9"}
{"level":"info","message":"Generated QR code for session:","qrcodeImageUrl":"https://api.qrserver.com/v1/create-qr-code/?size=200x200&data=http%3A%2F%2Flocalhost%3A9999%2Fapi%2Fwx-login%2Fcallback%3Fsession%3Dp1z4ee8i5a%26code%3Dmock_code_p1z4ee8i5a","service":"popmart-service","sessionId":"p1z4ee8i5a"}
{"level":"info","message":"Generated QR code for session:","qrcodeImageUrl":"https://api.qrserver.com/v1/create-qr-code/?size=200x200&data=http%3A%2F%2Flocalhost%3A9999%2Fapi%2Fwx-login%2Fcallback%3Fsession%3Dqlg7vkic6n9%26code%3Dmock_code_qlg7vkic6n9","service":"popmart-service","sessionId":"qlg7vkic6n9"}
{"level":"info","message":"Generated QR code for session:","qrcodeImageUrl":"https://api.qrserver.com/v1/create-qr-code/?size=200x200&data=http%3A%2F%2Flocalhost%3A9999%2Fapi%2Fwx-login%2Fcallback%3Fsession%3Dop874uw3ys%26code%3Dmock_code_op874uw3ys","service":"popmart-service","sessionId":"op874uw3ys"}
{"level":"info","message":"Generated QR code for session:","qrcodeImageUrl":"https://api.qrserver.com/v1/create-qr-code/?size=200x200&data=http%3A%2F%2Flocalhost%3A9999%2Fapi%2Fwx-login%2Fcallback%3Fsession%3Dbwpybtko5fv%26code%3Dmock_code_bwpybtko5fv","service":"popmart-service","sessionId":"bwpybtko5fv"}
{"level":"info","message":"Generated QR code for session:","qrcodeImageUrl":"https://api.qrserver.com/v1/create-qr-code/?size=200x200&data=http%3A%2F%2Flocalhost%3A9999%2Fapi%2Fwx-login%2Fcallback%3Fsession%3Dxm9nar7f2bp%26code%3Dmock_code_xm9nar7f2bp","service":"popmart-service","sessionId":"xm9nar7f2bp"}
{"level":"info","message":"Generated QR code for session:","qrcodeImageUrl":"https://api.qrserver.com/v1/create-qr-code/?size=200x200&data=http%3A%2F%2Flocalhost%3A9999%2Fapi%2Fwx-login%2Fcallback%3Fsession%3Do3696oq5lh%26code%3Dmock_code_o3696oq5lh","service":"popmart-service","sessionId":"o3696oq5lh"}
{"level":"info","message":"Generated QR code for session:","qrcodeImageUrl":"https://api.qrserver.com/v1/create-qr-code/?size=200x200&data=http%3A%2F%2Flocalhost%3A9999%2Fapi%2Fwx-login%2Fcallback%3Fsession%3Dkgkg88rxkm%26code%3Dmock_code_kgkg88rxkm","service":"popmart-service","sessionId":"kgkg88rxkm"}
{"level":"info","message":"Generated QR code for session:","qrcodeImageUrl":"https://api.qrserver.com/v1/create-qr-code/?size=200x200&data=http%3A%2F%2Flocalhost%3A9999%2Fapi%2Fwx-login%2Fcallback%3Fsession%3Dmf6vmfovp7j%26code%3Dmock_code_mf6vmfovp7j","service":"popmart-service","sessionId":"mf6vmfovp7j"}
{"level":"info","message":"Generated QR code for session:","qrcodeImageUrl":"https://api.qrserver.com/v1/create-qr-code/?size=200x200&data=http%3A%2F%2Flocalhost%3A9999%2Fapi%2Fwx-login%2Fcallback%3Fsession%3Di36rdd09orc%26code%3Dmock_code_i36rdd09orc","service":"popmart-service","sessionId":"i36rdd09orc"}
{"level":"info","message":"Generated QR code for session:","qrcodeImageUrl":"https://api.qrserver.com/v1/create-qr-code/?size=200x200&data=http%3A%2F%2Flocalhost%3A9999%2Fapi%2Fwx-login%2Fcallback%3Fsession%3D2xwoat43a7f%26code%3Dmock_code_2xwoat43a7f","service":"popmart-service","sessionId":"2xwoat43a7f"}
{"level":"info","message":"Generated QR code for session:","qrcodeImageUrl":"https://api.qrserver.com/v1/create-qr-code/?size=200x200&data=http%3A%2F%2Flocalhost%3A9999%2Fapi%2Fwx-login%2Fcallback%3Fsession%3Dk4yqa8alhgj%26code%3Dmock_code_k4yqa8alhgj","service":"popmart-service","sessionId":"k4yqa8alhgj"}
{"level":"info","message":"Generated QR code for session:","qrcodeImageUrl":"https://api.qrserver.com/v1/create-qr-code/?size=200x200&data=http%3A%2F%2Flocalhost%3A9999%2Fapi%2Fwx-login%2Fcallback%3Fsession%3Doj89a7awrfr%26code%3Dmock_code_oj89a7awrfr","service":"popmart-service","sessionId":"oj89a7awrfr"}
{"level":"info","message":"Generated QR code for session:","qrcodeImageUrl":"https://api.qrserver.com/v1/create-qr-code/?size=200x200&data=http%3A%2F%2Flocalhost%3A9999%2Fapi%2Fwx-login%2Fcallback%3Fsession%3D6zagqclh8cr%26code%3Dmock_code_6zagqclh8cr","service":"popmart-service","sessionId":"6zagqclh8cr"}
{"level":"info","message":"Generated QR code for session:","qrcodeImageUrl":"https://api.qrserver.com/v1/create-qr-code/?size=200x200&data=http%3A%2F%2Flocalhost%3A9999%2Fapi%2Fwx-login%2Fcallback%3Fsession%3Dyho2v67xyw%26code%3Dmock_code_yho2v67xyw","service":"popmart-service","sessionId":"yho2v67xyw"}
{"level":"info","message":"Generated QR code for session:","qrcodeImageUrl":"https://api.qrserver.com/v1/create-qr-code/?size=200x200&data=http%3A%2F%2Flocalhost%3A9999%2Fapi%2Fwx-login%2Fcallback%3Fsession%3Djligqas8wpj%26code%3Dmock_code_jligqas8wpj","service":"popmart-service","sessionId":"jligqas8wpj"}
{"level":"info","message":"Generated QR code for session:","qrcodeImageUrl":"https://api.qrserver.com/v1/create-qr-code/?size=200x200&data=http%3A%2F%2Flocalhost%3A9999%2Fapi%2Fwx-login%2Fcallback%3Fsession%3D321p55k83r3%26code%3Dmock_code_321p55k83r3","service":"popmart-service","sessionId":"321p55k83r3"}
{"level":"info","message":"Generated QR code for session:","qrcodeImageUrl":"https://api.qrserver.com/v1/create-qr-code/?size=200x200&data=http%3A%2F%2Flocalhost%3A9999%2Fapi%2Fwx-login%2Fcallback%3Fsession%3Dra0k443em9d%26code%3Dmock_code_ra0k443em9d","service":"popmart-service","sessionId":"ra0k443em9d"}
{"level":"info","message":"Generated QR code for session:","qrcodeImageUrl":"https://api.qrserver.com/v1/create-qr-code/?size=200x200&data=http%3A%2F%2Flocalhost%3A9999%2Fapi%2Fwx-login%2Fcallback%3Fsession%3Du7qhryeaxv8%26code%3Dmock_code_u7qhryeaxv8","service":"popmart-service","sessionId":"u7qhryeaxv8"}
{"level":"info","message":"Generated QR code for session:","qrcodeImageUrl":"https://api.qrserver.com/v1/create-qr-code/?size=200x200&data=http%3A%2F%2Flocalhost%3A9999%2Fapi%2Fwx-login%2Fcallback%3Fsession%3Dqu0460kshim%26code%3Dmock_code_qu0460kshim","service":"popmart-service","sessionId":"qu0460kshim"}
{"level":"info","message":"Generated QR code for session:","qrcodeImageUrl":"https://api.qrserver.com/v1/create-qr-code/?size=200x200&data=http%3A%2F%2Flocalhost%3A9999%2Fapi%2Fwx-login%2Fcallback%3Fsession%3D6ttnzwc7774%26code%3Dmock_code_6ttnzwc7774","service":"popmart-service","sessionId":"6ttnzwc7774"}
{"level":"info","message":"Generated QR code for session:","qrcodeImageUrl":"https://api.qrserver.com/v1/create-qr-code/?size=200x200&data=http%3A%2F%2Flocalhost%3A9999%2Fapi%2Fwx-login%2Fcallback%3Fsession%3Dyx9n9ybs6k%26code%3Dmock_code_yx9n9ybs6k","service":"popmart-service","sessionId":"yx9n9ybs6k"}
{"level":"info","message":"Generated QR code for session:","qrcodeImageUrl":"https://api.qrserver.com/v1/create-qr-code/?size=200x200&data=http%3A%2F%2Flocalhost%3A9999%2Fapi%2Fwx-login%2Fcallback%3Fsession%3Dat4tpm0dhmb%26code%3Dmock_code_at4tpm0dhmb","service":"popmart-service","sessionId":"at4tpm0dhmb"}
{"level":"info","message":"Generated QR code for session:","qrcodeImageUrl":"https://api.qrserver.com/v1/create-qr-code/?size=200x200&data=http%3A%2F%2Flocalhost%3A9999%2Fapi%2Fwx-login%2Fcallback%3Fsession%3D9r0b9nplzul%26code%3Dmock_code_9r0b9nplzul","service":"popmart-service","sessionId":"9r0b9nplzul"}
{"level":"info","message":"Generated QR code for session:","qrcodeImageUrl":"https://api.qrserver.com/v1/create-qr-code/?size=200x200&data=http%3A%2F%2Flocalhost%3A9999%2Fapi%2Fwx-login%2Fcallback%3Fsession%3D7ywrmfn64pd%26code%3Dmock_code_7ywrmfn64pd","service":"popmart-service","sessionId":"7ywrmfn64pd"}
{"level":"info","message":"Generated QR code for session:","qrcodeImageUrl":"https://api.qrserver.com/v1/create-qr-code/?size=200x200&data=http%3A%2F%2Flocalhost%3A9999%2Fapi%2Fwx-login%2Fcallback%3Fsession%3Dj3n9ci2txao%26code%3Dmock_code_j3n9ci2txao","service":"popmart-service","sessionId":"j3n9ci2txao"}
{"level":"info","message":"Generated QR code for session:","qrcodeImageUrl":"https://api.qrserver.com/v1/create-qr-code/?size=200x200&data=http%3A%2F%2Flocalhost%3A9999%2Fapi%2Fwx-login%2Fcallback%3Fsession%3Dqbgv57wptnn%26code%3Dmock_code_qbgv57wptnn","service":"popmart-service","sessionId":"qbgv57wptnn"}
{"level":"info","message":"Generated QR code for session:","qrcodeImageUrl":"https://api.qrserver.com/v1/create-qr-code/?size=200x200&data=http%3A%2F%2Flocalhost%3A9999%2Fapi%2Fwx-login%2Fcallback%3Fsession%3D7h4qsznd8bq%26code%3Dmock_code_7h4qsznd8bq","service":"popmart-service","sessionId":"7h4qsznd8bq"}
{"level":"info","message":"Generated QR code for session:","qrcodeImageUrl":"https://api.qrserver.com/v1/create-qr-code/?size=200x200&data=http%3A%2F%2Flocalhost%3A9999%2Fapi%2Fwx-login%2Fcallback%3Fsession%3D3aay1qf5qyk%26code%3Dmock_code_3aay1qf5qyk","service":"popmart-service","sessionId":"3aay1qf5qyk"}
{"level":"info","message":":","product":" - MOLLY Space","service":"popmart-service","userId":"mobile_user"}
{"level":"info","message":"Generated QR code for session:","qrcodeImageUrl":"https://api.qrserver.com/v1/create-qr-code/?size=200x200&data=http%3A%2F%2Flocalhost%3A9999%2Fapi%2Fwx-login%2Fcallback%3Fsession%3D8988hj8wmqu%26code%3Dmock_code_8988hj8wmqu","service":"popmart-service","sessionId":"8988hj8wmqu"}
{"level":"info","message":"Generated QR code for session:","qrcodeImageUrl":"https://api.qrserver.com/v1/create-qr-code/?size=200x200&data=http%3A%2F%2Flocalhost%3A9999%2Fapi%2Fwx-login%2Fcallback%3Fsession%3D4r3kwrxc9ch%26code%3Dmock_code_4r3kwrxc9ch","service":"popmart-service","sessionId":"4r3kwrxc9ch"}
{"level":"info","message":"Generated QR code for session:","qrcodeImageUrl":"https://api.qrserver.com/v1/create-qr-code/?size=200x200&data=http%3A%2F%2Flocalhost%3A9999%2Fapi%2Fwx-login%2Fcallback%3Fsession%3Dw93o0i9sjl%26code%3Dmock_code_w93o0i9sjl","service":"popmart-service","sessionId":"w93o0i9sjl"}
{"level":"info","message":"Generated QR code for session:","qrcodeImageUrl":"https://api.qrserver.com/v1/create-qr-code/?size=200x200&data=http%3A%2F%2Flocalhost%3A9999%2Fapi%2Fwx-login%2Fcallback%3Fsession%3Dq093fzsfdz%26code%3Dmock_code_q093fzsfdz","service":"popmart-service","sessionId":"q093fzsfdz"}
{"level":"info","message":"Generated QR code for session:","qrcodeImageUrl":"https://api.qrserver.com/v1/create-qr-code/?size=200x200&data=http%3A%2F%2Flocalhost%3A9999%2Fapi%2Fwx-login%2Fcallback%3Fsession%3Dm24tyjrmzpq%26code%3Dmock_code_m24tyjrmzpq","service":"popmart-service","sessionId":"m24tyjrmzpq"}
{"level":"info","message":"Generated QR code for session:","qrcodeImageUrl":"https://api.qrserver.com/v1/create-qr-code/?size=200x200&data=http%3A%2F%2Flocalhost%3A9999%2Fapi%2Fwx-login%2Fcallback%3Fsession%3Daxyyk7srr6s%26code%3Dmock_code_axyyk7srr6s","service":"popmart-service","sessionId":"axyyk7srr6s"}
{"level":"info","message":"Generated QR code for session:","qrcodeImageUrl":"https://api.qrserver.com/v1/create-qr-code/?size=200x200&data=http%3A%2F%2Flocalhost%3A9999%2Fapi%2Fwx-login%2Fcallback%3Fsession%3Dumlrbc9ofdm%26code%3Dmock_code_umlrbc9ofdm","service":"popmart-service","sessionId":"umlrbc9ofdm"}
{"level":"info","message":"Generated QR code for session:","qrcodeImageUrl":"https://api.qrserver.com/v1/create-qr-code/?size=200x200&data=http%3A%2F%2Flocalhost%3A9999%2Fapi%2Fwx-login%2Fcallback%3Fsession%3Dwv8e2ad0rf%26code%3Dmock_code_wv8e2ad0rf","service":"popmart-service","sessionId":"wv8e2ad0rf"}
{"level":"info","message":"Generated QR code for session:","qrcodeImageUrl":"https://api.qrserver.com/v1/create-qr-code/?size=200x200&data=http%3A%2F%2Flocalhost%3A9999%2Fapi%2Fwx-login%2Fcallback%3Fsession%3D5wqozo9xg37%26code%3Dmock_code_5wqozo9xg37","service":"popmart-service","sessionId":"5wqozo9xg37"}
{"error":"Cannot destructure property 'productId' of 'req.body' as it is undefined.","level":"error","message":"Error occurred:","service":"popmart-service","stack":"TypeError: Cannot destructure property 'productId' of 'req.body' as it is undefined.\n    at C:\\Users\\admin\\Desktop\\Popmart Purchase\\server.js:199:13\n    at Layer.handle [as handle_request] (C:\\Users\\admin\\Desktop\\Popmart Purchase\\node_modules\\express\\lib\\router\\layer.js:95:5)\n    at next (C:\\Users\\admin\\Desktop\\Popmart Purchase\\node_modules\\express\\lib\\router\\route.js:149:13)\n    at Route.dispatch (C:\\Users\\admin\\Desktop\\Popmart Purchase\\node_modules\\express\\lib\\router\\route.js:119:3)\n    at Layer.handle [as handle_request] (C:\\Users\\admin\\Desktop\\Popmart Purchase\\node_modules\\express\\lib\\router\\layer.js:95:5)\n    at C:\\Users\\admin\\Desktop\\Popmart Purchase\\node_modules\\express\\lib\\router\\index.js:284:15\n    at Function.process_params (C:\\Users\\admin\\Desktop\\Popmart Purchase\\node_modules\\express\\lib\\router\\index.js:346:12)\n    at next (C:\\Users\\admin\\Desktop\\Popmart Purchase\\node_modules\\express\\lib\\router\\index.js:280:10)\n    at expressInit (C:\\Users\\admin\\Desktop\\Popmart Purchase\\node_modules\\express\\lib\\middleware\\init.js:40:5)\n    at Layer.handle [as handle_request] (C:\\Users\\admin\\Desktop\\Popmart Purchase\\node_modules\\express\\lib\\router\\layer.js:95:5)"}
{"level":"info","message":"Generated QR code for session:","qrcodeImageUrl":"https://api.qrserver.com/v1/create-qr-code/?size=200x200&data=http%3A%2F%2Flocalhost%3A9999%2Fapi%2Fwx-login%2Fcallback%3Fsession%3D0voxhaqpisv%26code%3Dmock_code_0voxhaqpisv","service":"popmart-service","sessionId":"0voxhaqpisv"}
{"level":"info","message":"Generated QR code for session:","qrcodeImageUrl":"https://api.qrserver.com/v1/create-qr-code/?size=200x200&data=http%3A%2F%2Flocalhost%3A9999%2Fapi%2Fwx-login%2Fcallback%3Fsession%3Dlotaha4k8e%26code%3Dmock_code_lotaha4k8e","service":"popmart-service","sessionId":"lotaha4k8e"}
{"level":"info","message":"Generated QR code for session:","qrcodeImageUrl":"https://api.qrserver.com/v1/create-qr-code/?size=200x200&data=http%3A%2F%2Flocalhost%3A9999%2Fapi%2Fwx-login%2Fcallback%3Fsession%3Dq2ztzgoyi8%26code%3Dmock_code_q2ztzgoyi8","service":"popmart-service","sessionId":"q2ztzgoyi8"}
{"level":"info","message":"Generated QR code for session:","qrcodeImageUrl":"https://api.qrserver.com/v1/create-qr-code/?size=200x200&data=http%3A%2F%2Flocalhost%3A9999%2Fapi%2Fwx-login%2Fcallback%3Fsession%3Dbv1likoe79f%26code%3Dmock_code_bv1likoe79f","service":"popmart-service","sessionId":"bv1likoe79f"}
{"level":"info","message":"Generated QR code for session:","qrcodeImageUrl":"https://api.qrserver.com/v1/create-qr-code/?size=200x200&data=http%3A%2F%2Flocalhost%3A9999%2Fapi%2Fwx-login%2Fcallback%3Fsession%3Dgabhrhqljmu%26code%3Dmock_code_gabhrhqljmu","service":"popmart-service","sessionId":"gabhrhqljmu"}
{"level":"info","message":"Generated QR code for session:","qrcodeImageUrl":"https://api.qrserver.com/v1/create-qr-code/?size=200x200&data=http%3A%2F%2Flocalhost%3A9999%2Fapi%2Fwx-login%2Fcallback%3Fsession%3D8hyeugpb6as%26code%3Dmock_code_8hyeugpb6as","service":"popmart-service","sessionId":"8hyeugpb6as"}
{"level":"info","message":"Generated QR code for session:","qrcodeImageUrl":"https://api.qrserver.com/v1/create-qr-code/?size=200x200&data=http%3A%2F%2Flocalhost%3A9999%2Fapi%2Fwx-login%2Fcallback%3Fsession%3D4zh3mmubs6o%26code%3Dmock_code_4zh3mmubs6o","service":"popmart-service","sessionId":"4zh3mmubs6o"}
{"level":"info","message":"Generated QR code for session:","qrcodeImageUrl":"https://api.qrserver.com/v1/create-qr-code/?size=200x200&data=http%3A%2F%2Flocalhost%3A9999%2Fapi%2Fwx-login%2Fcallback%3Fsession%3Dezeg5ejulsq%26code%3Dmock_code_ezeg5ejulsq","service":"popmart-service","sessionId":"ezeg5ejulsq"}
{"level":"info","message":"Generated QR code for session:","qrcodeImageUrl":"https://api.qrserver.com/v1/create-qr-code/?size=200x200&data=http%3A%2F%2Flocalhost%3A9999%2Fapi%2Fwx-login%2Fcallback%3Fsession%3Dbg2hcobioql%26code%3Dmock_code_bg2hcobioql","service":"popmart-service","sessionId":"bg2hcobioql"}
{"level":"info","message":"Generated QR code for session:","qrcodeImageUrl":"https://api.qrserver.com/v1/create-qr-code/?size=200x200&data=http%3A%2F%2Flocalhost%3A9999%2Fapi%2Fwx-login%2Fcallback%3Fsession%3D6i7wkypy08%26code%3Dmock_code_6i7wkypy08","service":"popmart-service","sessionId":"6i7wkypy08"}
{"level":"info","message":"Generated QR code for session:","qrcodeImageUrl":"https://api.qrserver.com/v1/create-qr-code/?size=200x200&data=http%3A%2F%2Flocalhost%3A9999%2Fapi%2Fwx-login%2Fcallback%3Fsession%3Dy1m4mjgkv8h%26code%3Dmock_code_y1m4mjgkv8h","service":"popmart-service","sessionId":"y1m4mjgkv8h"}
{"level":"info","message":"Generated QR code for session:","qrcodeImageUrl":"https://api.qrserver.com/v1/create-qr-code/?size=200x200&data=http%3A%2F%2Flocalhost%3A9999%2Fapi%2Fwx-login%2Fcallback%3Fsession%3Dq3dje4c932s%26code%3Dmock_code_q3dje4c932s","service":"popmart-service","sessionId":"q3dje4c932s"}
{"level":"info","message":"Generated QR code for session:","qrcodeImageUrl":"https://api.qrserver.com/v1/create-qr-code/?size=200x200&data=http%3A%2F%2Flocalhost%3A9999%2Fapi%2Fwx-login%2Fcallback%3Fsession%3D3eyveudsdcy%26code%3Dmock_code_3eyveudsdcy","service":"popmart-service","sessionId":"3eyveudsdcy"}
{"level":"info","message":"Generated QR code for session:","qrcodeImageUrl":"https://api.qrserver.com/v1/create-qr-code/?size=200x200&data=http%3A%2F%2Flocalhost%3A9999%2Fapi%2Fwx-login%2Fcallback%3Fsession%3D37l5wfujusl%26code%3Dmock_code_37l5wfujusl","service":"popmart-service","sessionId":"37l5wfujusl"}
{"level":"info","message":"Generated QR code for session:","qrcodeImageUrl":"https://api.qrserver.com/v1/create-qr-code/?size=200x200&data=http%3A%2F%2Flocalhost%3A9999%2Fapi%2Fwx-login%2Fcallback%3Fsession%3D2ll3mblunvn%26code%3Dmock_code_2ll3mblunvn","service":"popmart-service","sessionId":"2ll3mblunvn"}
{"level":"info","message":"Generated QR code for session:","qrcodeImageUrl":"https://api.qrserver.com/v1/create-qr-code/?size=200x200&data=http%3A%2F%2Flocalhost%3A9999%2Fapi%2Fwx-login%2Fcallback%3Fsession%3Dklmfrpgrpll%26code%3Dmock_code_klmfrpgrpll","service":"popmart-service","sessionId":"klmfrpgrpll"}
{"level":"info","message":"Generated QR code for session:","qrcodeImageUrl":"https://api.qrserver.com/v1/create-qr-code/?size=200x200&data=http%3A%2F%2Flocalhost%3A9999%2Fapi%2Fwx-login%2Fcallback%3Fsession%3D89nvg5f68kk%26code%3Dmock_code_89nvg5f68kk","service":"popmart-service","sessionId":"89nvg5f68kk"}
{"level":"info","message":"Generated QR code for session:","qrcodeImageUrl":"https://api.qrserver.com/v1/create-qr-code/?size=200x200&data=http%3A%2F%2Flocalhost%3A9999%2Fapi%2Fwx-login%2Fcallback%3Fsession%3Dcydtpucuby%26code%3Dmock_code_cydtpucuby","service":"popmart-service","sessionId":"cydtpucuby"}
{"level":"info","message":"Generated QR code for session:","qrcodeImageUrl":"https://api.qrserver.com/v1/create-qr-code/?size=200x200&data=http%3A%2F%2Flocalhost%3A9999%2Fapi%2Fwx-login%2Fcallback%3Fsession%3D061xj2ssdrac%26code%3Dmock_code_061xj2ssdrac","service":"popmart-service","sessionId":"061xj2ssdrac"}
{"level":"info","message":"Generated QR code for session:","qrcodeImageUrl":"https://api.qrserver.com/v1/create-qr-code/?size=200x200&data=http%3A%2F%2Flocalhost%3A9999%2Fapi%2Fwx-login%2Fcallback%3Fsession%3Dyhe7pomp5dg%26code%3Dmock_code_yhe7pomp5dg","service":"popmart-service","sessionId":"yhe7pomp5dg"}
{"level":"info","message":"Generated QR code for session:","qrcodeImageUrl":"https://api.qrserver.com/v1/create-qr-code/?size=200x200&data=http%3A%2F%2Flocalhost%3A9999%2Fapi%2Fwx-login%2Fcallback%3Fsession%3Dfd71xwrinjk%26code%3Dmock_code_fd71xwrinjk","service":"popmart-service","sessionId":"fd71xwrinjk"}
{"level":"info","message":"Generated QR code for session:","qrcodeImageUrl":"https://api.qrserver.com/v1/create-qr-code/?size=200x200&data=http%3A%2F%2Flocalhost%3A9999%2Fapi%2Fwx-login%2Fcallback%3Fsession%3Dvc8u8ry64t%26code%3Dmock_code_vc8u8ry64t","service":"popmart-service","sessionId":"vc8u8ry64t"}
{"level":"info","message":"Generated QR code for session:","qrcodeImageUrl":"https://api.qrserver.com/v1/create-qr-code/?size=200x200&data=http%3A%2F%2Flocalhost%3A9999%2Fapi%2Fwx-login%2Fcallback%3Fsession%3D2enedvw2697%26code%3Dmock_code_2enedvw2697","service":"popmart-service","sessionId":"2enedvw2697"}
{"level":"info","message":"Generated QR code for session:","qrcodeImageUrl":"https://api.qrserver.com/v1/create-qr-code/?size=200x200&data=http%3A%2F%2Flocalhost%3A9999%2Fapi%2Fwx-login%2Fcallback%3Fsession%3Dw5ziw9fduwo%26code%3Dmock_code_w5ziw9fduwo","service":"popmart-service","sessionId":"w5ziw9fduwo"}
{"level":"info","message":"Generated QR code for session:","qrcodeImageUrl":"https://api.qrserver.com/v1/create-qr-code/?size=200x200&data=http%3A%2F%2Flocalhost%3A9999%2Fapi%2Fwx-login%2Fcallback%3Fsession%3Dldkle2puen%26code%3Dmock_code_ldkle2puen","service":"popmart-service","sessionId":"ldkle2puen"}
{"level":"info","message":"Generated QR code for session:","qrcodeImageUrl":"https://api.qrserver.com/v1/create-qr-code/?size=200x200&data=http%3A%2F%2Flocalhost%3A9999%2Fapi%2Fwx-login%2Fcallback%3Fsession%3Dekxhiycpd1%26code%3Dmock_code_ekxhiycpd1","service":"popmart-service","sessionId":"ekxhiycpd1"}
{"error":"Cannot destructure property 'productId' of 'req.body' as it is undefined.","level":"error","message":"Error occurred:","service":"popmart-service","stack":"TypeError: Cannot destructure property 'productId' of 'req.body' as it is undefined.\n    at C:\\Users\\admin\\Desktop\\Popmart Purchase\\server.js:199:13\n    at Layer.handle [as handle_request] (C:\\Users\\admin\\Desktop\\Popmart Purchase\\node_modules\\express\\lib\\router\\layer.js:95:5)\n    at next (C:\\Users\\admin\\Desktop\\Popmart Purchase\\node_modules\\express\\lib\\router\\route.js:149:13)\n    at Route.dispatch (C:\\Users\\admin\\Desktop\\Popmart Purchase\\node_modules\\express\\lib\\router\\route.js:119:3)\n    at Layer.handle [as handle_request] (C:\\Users\\admin\\Desktop\\Popmart Purchase\\node_modules\\express\\lib\\router\\layer.js:95:5)\n    at C:\\Users\\admin\\Desktop\\Popmart Purchase\\node_modules\\express\\lib\\router\\index.js:284:15\n    at Function.process_params (C:\\Users\\admin\\Desktop\\Popmart Purchase\\node_modules\\express\\lib\\router\\index.js:346:12)\n    at next (C:\\Users\\admin\\Desktop\\Popmart Purchase\\node_modules\\express\\lib\\router\\index.js:280:10)\n    at expressInit (C:\\Users\\admin\\Desktop\\Popmart Purchase\\node_modules\\express\\lib\\middleware\\init.js:40:5)\n    at Layer.handle [as handle_request] (C:\\Users\\admin\\Desktop\\Popmart Purchase\\node_modules\\express\\lib\\router\\layer.js:95:5)"}
{"level":"info","message":"Generated QR code for session:","qrcodeImageUrl":"https://api.qrserver.com/v1/create-qr-code/?size=200x200&data=http%3A%2F%2Flocalhost%3A9999%2Fapi%2Fwx-login%2Fcallback%3Fsession%3Dukelivlbazh%26code%3Dmock_code_ukelivlbazh","service":"popmart-service","sessionId":"ukelivlbazh"}
{"level":"info","message":"Generated QR code for session:","qrcodeImageUrl":"https://api.qrserver.com/v1/create-qr-code/?size=200x200&data=http%3A%2F%2Flocalhost%3A9999%2Fapi%2Fwx-login%2Fcallback%3Fsession%3Dqccgffp1ogr%26code%3Dmock_code_qccgffp1ogr","service":"popmart-service","sessionId":"qccgffp1ogr"}
{"level":"info","message":"Generated QR code for session:","qrcodeImageUrl":"https://api.qrserver.com/v1/create-qr-code/?size=200x200&data=http%3A%2F%2Flocalhost%3A9999%2Fapi%2Fwx-login%2Fcallback%3Fsession%3Dzq023unx0y%26code%3Dmock_code_zq023unx0y","service":"popmart-service","sessionId":"zq023unx0y"}
{"level":"info","message":"Generated QR code for session:","qrcodeImageUrl":"https://api.qrserver.com/v1/create-qr-code/?size=200x200&data=http%3A%2F%2Flocalhost%3A9999%2Fapi%2Fwx-login%2Fcallback%3Fsession%3Dkl4vi8tkj7n%26code%3Dmock_code_kl4vi8tkj7n","service":"popmart-service","sessionId":"kl4vi8tkj7n"}
{"level":"info","message":"Generated QR code for session:","qrcodeImageUrl":"https://api.qrserver.com/v1/create-qr-code/?size=200x200&data=http%3A%2F%2Flocalhost%3A9999%2Fapi%2Fwx-login%2Fcallback%3Fsession%3Dz6j68sbzzy%26code%3Dmock_code_z6j68sbzzy","service":"popmart-service","sessionId":"z6j68sbzzy"}
{"level":"info","message":"Generated QR code for session:","qrcodeImageUrl":"https://api.qrserver.com/v1/create-qr-code/?size=200x200&data=http%3A%2F%2Flocalhost%3A9999%2Fapi%2Fwx-login%2Fcallback%3Fsession%3Do7nlvl54blk%26code%3Dmock_code_o7nlvl54blk","service":"popmart-service","sessionId":"o7nlvl54blk"}
{"level":"info","message":"Generated QR code for session:","qrcodeImageUrl":"https://api.qrserver.com/v1/create-qr-code/?size=200x200&data=http%3A%2F%2Flocalhost%3A9999%2Fapi%2Fwx-login%2Fcallback%3Fsession%3Dzlcfig6osi%26code%3Dmock_code_zlcfig6osi","service":"popmart-service","sessionId":"zlcfig6osi"}
{"level":"info","message":"Generated QR code for session:","qrcodeImageUrl":"https://api.qrserver.com/v1/create-qr-code/?size=200x200&data=http%3A%2F%2Flocalhost%3A9999%2Fapi%2Fwx-login%2Fcallback%3Fsession%3Duxlpoz6438i%26code%3Dmock_code_uxlpoz6438i","service":"popmart-service","sessionId":"uxlpoz6438i"}
{"level":"info","message":"Generated QR code for session:","qrcodeImageUrl":"https://api.qrserver.com/v1/create-qr-code/?size=200x200&data=http%3A%2F%2Flocalhost%3A9999%2Fapi%2Fwx-login%2Fcallback%3Fsession%3Drh7scez56jj%26code%3Dmock_code_rh7scez56jj","service":"popmart-service","sessionId":"rh7scez56jj"}
{"level":"info","message":":","product":" - MOLLY Space","service":"popmart-service","userId":"mobile_user"}
{"error":"Cannot destructure property 'productId' of 'req.body' as it is undefined.","level":"error","message":"Error occurred:","service":"popmart-service","stack":"TypeError: Cannot destructure property 'productId' of 'req.body' as it is undefined.\n    at C:\\Users\\admin\\Desktop\\Popmart Purchase\\server.js:199:13\n    at Layer.handle [as handle_request] (C:\\Users\\admin\\Desktop\\Popmart Purchase\\node_modules\\express\\lib\\router\\layer.js:95:5)\n    at next (C:\\Users\\admin\\Desktop\\Popmart Purchase\\node_modules\\express\\lib\\router\\route.js:149:13)\n    at Route.dispatch (C:\\Users\\admin\\Desktop\\Popmart Purchase\\node_modules\\express\\lib\\router\\route.js:119:3)\n    at Layer.handle [as handle_request] (C:\\Users\\admin\\Desktop\\Popmart Purchase\\node_modules\\express\\lib\\router\\layer.js:95:5)\n    at C:\\Users\\admin\\Desktop\\Popmart Purchase\\node_modules\\express\\lib\\router\\index.js:284:15\n    at Function.process_params (C:\\Users\\admin\\Desktop\\Popmart Purchase\\node_modules\\express\\lib\\router\\index.js:346:12)\n    at next (C:\\Users\\admin\\Desktop\\Popmart Purchase\\node_modules\\express\\lib\\router\\index.js:280:10)\n    at expressInit (C:\\Users\\admin\\Desktop\\Popmart Purchase\\node_modules\\express\\lib\\middleware\\init.js:40:5)\n    at Layer.handle [as handle_request] (C:\\Users\\admin\\Desktop\\Popmart Purchase\\node_modules\\express\\lib\\router\\layer.js:95:5)"}
{"level":"info","message":":","product":" - MOLLY Space","service":"popmart-service","userId":"mobile_user"}
{"error":"Cannot destructure property 'productId' of 'req.body' as it is undefined.","level":"error","message":"Error occurred:","service":"popmart-service","stack":"TypeError: Cannot destructure property 'productId' of 'req.body' as it is undefined.\n    at C:\\Users\\admin\\Desktop\\Popmart Purchase\\server.js:199:13\n    at Layer.handle [as handle_request] (C:\\Users\\admin\\Desktop\\Popmart Purchase\\node_modules\\express\\lib\\router\\layer.js:95:5)\n    at next (C:\\Users\\admin\\Desktop\\Popmart Purchase\\node_modules\\express\\lib\\router\\route.js:149:13)\n    at Route.dispatch (C:\\Users\\admin\\Desktop\\Popmart Purchase\\node_modules\\express\\lib\\router\\route.js:119:3)\n    at Layer.handle [as handle_request] (C:\\Users\\admin\\Desktop\\Popmart Purchase\\node_modules\\express\\lib\\router\\layer.js:95:5)\n    at C:\\Users\\admin\\Desktop\\Popmart Purchase\\node_modules\\express\\lib\\router\\index.js:284:15\n    at Function.process_params (C:\\Users\\admin\\Desktop\\Popmart Purchase\\node_modules\\express\\lib\\router\\index.js:346:12)\n    at next (C:\\Users\\admin\\Desktop\\Popmart Purchase\\node_modules\\express\\lib\\router\\index.js:280:10)\n    at expressInit (C:\\Users\\admin\\Desktop\\Popmart Purchase\\node_modules\\express\\lib\\middleware\\init.js:40:5)\n    at Layer.handle [as handle_request] (C:\\Users\\admin\\Desktop\\Popmart Purchase\\node_modules\\express\\lib\\router\\layer.js:95:5)"}
{"level":"info","message":"Server running at http://0.0.0.0:9999","service":"popmart-service"}
{"level":"info","message":"Local access: http://localhost:9999","service":"popmart-service"}
{"level":"info","message":"Network access: http://10.36.134.88:9999","service":"popmart-service"}
{"error":"Cannot destructure property 'productId' of 'req.body' as it is undefined.","level":"error","message":"Error occurred:","service":"popmart-service","stack":"TypeError: Cannot destructure property 'productId' of 'req.body' as it is undefined.\n    at C:\\Users\\admin\\Desktop\\Popmart Purchase\\server.js:199:13\n    at Layer.handle [as handle_request] (C:\\Users\\admin\\Desktop\\Popmart Purchase\\node_modules\\express\\lib\\router\\layer.js:95:5)\n    at next (C:\\Users\\admin\\Desktop\\Popmart Purchase\\node_modules\\express\\lib\\router\\route.js:149:13)\n    at Route.dispatch (C:\\Users\\admin\\Desktop\\Popmart Purchase\\node_modules\\express\\lib\\router\\route.js:119:3)\n    at Layer.handle [as handle_request] (C:\\Users\\admin\\Desktop\\Popmart Purchase\\node_modules\\express\\lib\\router\\layer.js:95:5)\n    at C:\\Users\\admin\\Desktop\\Popmart Purchase\\node_modules\\express\\lib\\router\\index.js:284:15\n    at Function.process_params (C:\\Users\\admin\\Desktop\\Popmart Purchase\\node_modules\\express\\lib\\router\\index.js:346:12)\n    at next (C:\\Users\\admin\\Desktop\\Popmart Purchase\\node_modules\\express\\lib\\router\\index.js:280:10)\n    at expressInit (C:\\Users\\admin\\Desktop\\Popmart Purchase\\node_modules\\express\\lib\\middleware\\init.js:40:5)\n    at Layer.handle [as handle_request] (C:\\Users\\admin\\Desktop\\Popmart Purchase\\node_modules\\express\\lib\\router\\layer.js:95:5)"}
{"level":"info","message":"Server running at http://0.0.0.0:9999","service":"popmart-service"}
{"level":"info","message":"Local access: http://localhost:9999","service":"popmart-service"}
{"level":"info","message":"Network access: http://10.36.134.88:9999","service":"popmart-service"}
{"level":"info","message":":","product":" - MOLLY Space","service":"popmart-service","userId":"mobile_user"}
{"level":"info","message":":","product":" - MOLLY Space","service":"popmart-service","userId":"mobile_user"}
{"level":"info","message":":","product":" - MOLLY Space","service":"popmart-service","userId":"mobile_user"}
{"level":"info","message":":","product":" - MOLLY Space","service":"popmart-service","userId":"mobile_user"}
{"level":"info","message":":","product":" - MOLLY Space","service":"popmart-service","userId":"mobile_user"}
